The target system is: Linux - 1 - 
The host system is: Linux - 4.15.0-36-generic - x86_64
Compiling the C compiler identification source file "CMakeCCompilerId.c" succeeded.
Compiler: /home/barry/x-tools/arm-rpi-linux-gnueabihf/bin/arm-linux-gnueabihf-gcc 
Build flags: -march=armv8-a;-mtune=cortex-a53;-mfpu=crypto-neon-fp-armv8;-march=armv8-a;-mtune=cortex-a53;-mfpu=crypto-neon-fp-armv8;
Id flags:  

The output was:
0


Compilation of the C compiler identification source "CMakeCCompilerId.c" produced "a.out"

The C compiler identification is GNU, found in "/home/barry/Work/Development/Projects/MRL/Open62541Cpp/buildrpi/CMakeFiles/3.11.3/CompilerIdC/a.out"

Compiling the CXX compiler identification source file "CMakeCXXCompilerId.cpp" succeeded.
Compiler: /home/barry/x-tools/arm-rpi-linux-gnueabihf/bin/arm-linux-gnueabihf-g++ 
Build flags: -march=armv8-a;-mtune=cortex-a53;-mfpu=crypto-neon-fp-armv8;-march=armv8-a;-mtune=cortex-a53;-mfpu=crypto-neon-fp-armv8;
Id flags:  

The output was:
0


Compilation of the CXX compiler identification source "CMakeCXXCompilerId.cpp" produced "a.out"

The CXX compiler identification is GNU, found in "/home/barry/Work/Development/Projects/MRL/Open62541Cpp/buildrpi/CMakeFiles/3.11.3/CompilerIdCXX/a.out"

Determining if the C compiler works passed with the following output:
Change Dir: /home/barry/Work/Development/Projects/MRL/Open62541Cpp/buildrpi/CMakeFiles/CMakeTmp

Run Build Command:"/usr/bin/make" "cmTC_5fdf2/fast"
/usr/bin/make -f CMakeFiles/cmTC_5fdf2.dir/build.make CMakeFiles/cmTC_5fdf2.dir/build
make[1]: Entering directory '/home/barry/Work/Development/Projects/MRL/Open62541Cpp/buildrpi/CMakeFiles/CMakeTmp'
Building C object CMakeFiles/cmTC_5fdf2.dir/testCCompiler.c.o
/home/barry/x-tools/arm-rpi-linux-gnueabihf/bin/arm-linux-gnueabihf-gcc --sysroot=/home/barry/Work/opt/Rpi2  -I/home/barry/Work/opt/Rpi2/usr/include/arm-linux-gnueabihf -I/home/barry/Work/opt/Rpi2/usr/local/include  -march=armv8-a -mtune=cortex-a53 -mfpu=crypto-neon-fp-armv8 -march=armv8-a -mtune=cortex-a53 -mfpu=crypto-neon-fp-armv8     -Wall -o CMakeFiles/cmTC_5fdf2.dir/testCCompiler.c.o   -c /home/barry/Work/Development/Projects/MRL/Open62541Cpp/buildrpi/CMakeFiles/CMakeTmp/testCCompiler.c
Linking C executable cmTC_5fdf2
/usr/local/bin/cmake -E cmake_link_script CMakeFiles/cmTC_5fdf2.dir/link.txt --verbose=1
/home/barry/x-tools/arm-rpi-linux-gnueabihf/bin/arm-linux-gnueabihf-gcc --sysroot=/home/barry/Work/opt/Rpi2 -march=armv8-a -mtune=cortex-a53 -mfpu=crypto-neon-fp-armv8 -march=armv8-a -mtune=cortex-a53 -mfpu=crypto-neon-fp-armv8    -Wl,-rpath-link=/home/barry/Work/opt/Rpi2/lib/arm-linux-gnueabihf,-rpath-link=/home/barry/Work/opt/Rpi2/usr/lib/arm-linux-gnueabihf -L/home/barry/Work/opt/Rpi2/usr/lib/arm-linux-gnueabihf -lcrypt -Wl,-rpath-link=/home/barry/Work/opt/Rpi2/lib/arm-linux-gnueabihf,-rpath-link=/home/barry/Work/opt/Rpi2/usr/lib/arm-linux-gnueabihf -L/home/barry/Work/opt/Rpi2/usr/lib/arm-linux-gnueabihf -lcrypt   CMakeFiles/cmTC_5fdf2.dir/testCCompiler.c.o  -o cmTC_5fdf2  -L/lib/arm-linux-gnueabihf  -L/usr/lib/arm-linux-gnueabihf 
make[1]: Leaving directory '/home/barry/Work/Development/Projects/MRL/Open62541Cpp/buildrpi/CMakeFiles/CMakeTmp'


Detecting C compiler ABI info compiled with the following output:
Change Dir: /home/barry/Work/Development/Projects/MRL/Open62541Cpp/buildrpi/CMakeFiles/CMakeTmp

Run Build Command:"/usr/bin/make" "cmTC_a4977/fast"
/usr/bin/make -f CMakeFiles/cmTC_a4977.dir/build.make CMakeFiles/cmTC_a4977.dir/build
make[1]: Entering directory '/home/barry/Work/Development/Projects/MRL/Open62541Cpp/buildrpi/CMakeFiles/CMakeTmp'
Building C object CMakeFiles/cmTC_a4977.dir/CMakeCCompilerABI.c.o
/home/barry/x-tools/arm-rpi-linux-gnueabihf/bin/arm-linux-gnueabihf-gcc --sysroot=/home/barry/Work/opt/Rpi2  -I/home/barry/Work/opt/Rpi2/usr/include/arm-linux-gnueabihf -I/home/barry/Work/opt/Rpi2/usr/local/include  -march=armv8-a -mtune=cortex-a53 -mfpu=crypto-neon-fp-armv8 -march=armv8-a -mtune=cortex-a53 -mfpu=crypto-neon-fp-armv8     -Wall -o CMakeFiles/cmTC_a4977.dir/CMakeCCompilerABI.c.o   -c /usr/local/share/cmake-3.11/Modules/CMakeCCompilerABI.c
Linking C executable cmTC_a4977
/usr/local/bin/cmake -E cmake_link_script CMakeFiles/cmTC_a4977.dir/link.txt --verbose=1
/home/barry/x-tools/arm-rpi-linux-gnueabihf/bin/arm-linux-gnueabihf-gcc --sysroot=/home/barry/Work/opt/Rpi2 -march=armv8-a -mtune=cortex-a53 -mfpu=crypto-neon-fp-armv8 -march=armv8-a -mtune=cortex-a53 -mfpu=crypto-neon-fp-armv8    -Wl,-rpath-link=/home/barry/Work/opt/Rpi2/lib/arm-linux-gnueabihf,-rpath-link=/home/barry/Work/opt/Rpi2/usr/lib/arm-linux-gnueabihf -L/home/barry/Work/opt/Rpi2/usr/lib/arm-linux-gnueabihf -lcrypt -Wl,-rpath-link=/home/barry/Work/opt/Rpi2/lib/arm-linux-gnueabihf,-rpath-link=/home/barry/Work/opt/Rpi2/usr/lib/arm-linux-gnueabihf -L/home/barry/Work/opt/Rpi2/usr/lib/arm-linux-gnueabihf -lcrypt  -v CMakeFiles/cmTC_a4977.dir/CMakeCCompilerABI.c.o  -o cmTC_a4977  -L/lib/arm-linux-gnueabihf  -L/usr/lib/arm-linux-gnueabihf 
Using built-in specs.
COLLECT_GCC=/home/barry/x-tools/arm-rpi-linux-gnueabihf/bin/arm-linux-gnueabihf-gcc
COLLECT_LTO_WRAPPER=/home/barry/x-tools/arm-rpi-linux-gnueabihf/libexec/gcc/arm-rpi-linux-gnueabihf/6.3.0/lto-wrapper
Target: arm-rpi-linux-gnueabihf
Configured with: /Development/Projects/MRL/crossPi/.build/src/gcc-6.3.0/configure --build=x86_64-build_pc-linux-gnu --host=x86_64-build_pc-linux-gnu --target=arm-rpi-linux-gnueabihf --prefix=/home/barry/x-tools/arm-rpi-linux-gnueabihf --with-sysroot=/home/barry/x-tools/arm-rpi-linux-gnueabihf/arm-rpi-linux-gnueabihf/sysroot --enable-languages=c,c++ --with-cpu=cortex-a53 --with-fpu=neon-vfpv4 --with-float=hard --with-pkgversion='crosstool-NG crosstool-ng-1.23.0' --enable-__cxa_atexit --disable-libmudflap --disable-libgomp --disable-libssp --disable-libquadmath --disable-libquadmath-support --disable-libsanitizer --disable-libmpx --with-gmp=/Development/Projects/MRL/crossPi/.build/arm-rpi-linux-gnueabihf/buildtools --with-mpfr=/Development/Projects/MRL/crossPi/.build/arm-rpi-linux-gnueabihf/buildtools --with-mpc=/Development/Projects/MRL/crossPi/.build/arm-rpi-linux-gnueabihf/buildtools --with-isl=/Development/Projects/MRL/crossPi/.build/arm-rpi-linux-gnueabihf/buildtools --enable-lto --with-host-libstdcxx='-static-libgcc -Wl,-Bstatic,-lstdc++,-Bdynamic -lm' --enable-threads=posix --enable-target-optspace --enable-plugin --enable-gold --disable-nls --disable-multilib --with-local-prefix=/home/barry/x-tools/arm-rpi-linux-gnueabihf/arm-rpi-linux-gnueabihf/sysroot --enable-long-long
Thread model: posix
gcc version 6.3.0 (crosstool-NG crosstool-ng-1.23.0) 
COMPILER_PATH=/home/barry/x-tools/arm-rpi-linux-gnueabihf/libexec/gcc/arm-rpi-linux-gnueabihf/6.3.0/:/home/barry/x-tools/arm-rpi-linux-gnueabihf/libexec/gcc/arm-rpi-linux-gnueabihf/6.3.0/:/home/barry/x-tools/arm-rpi-linux-gnueabihf/libexec/gcc/arm-rpi-linux-gnueabihf/:/home/barry/x-tools/arm-rpi-linux-gnueabihf/lib/gcc/arm-rpi-linux-gnueabihf/6.3.0/:/home/barry/x-tools/arm-rpi-linux-gnueabihf/lib/gcc/arm-rpi-linux-gnueabihf/:/home/barry/x-tools/arm-rpi-linux-gnueabihf/lib/gcc/arm-rpi-linux-gnueabihf/6.3.0/../../../../arm-rpi-linux-gnueabihf/bin/
LIBRARY_PATH=/home/barry/x-tools/arm-rpi-linux-gnueabihf/lib/gcc/arm-rpi-linux-gnueabihf/6.3.0/:/home/barry/x-tools/arm-rpi-linux-gnueabihf/lib/gcc/arm-rpi-linux-gnueabihf/6.3.0/../../../../arm-rpi-linux-gnueabihf/lib/:/home/barry/Work/opt/Rpi2/lib/:/home/barry/Work/opt/Rpi2/usr/lib/
COLLECT_GCC_OPTIONS='-march=armv8-a' '-mtune=cortex-a53' '-mfpu=crypto-neon-fp-armv8' '-march=armv8-a' '-mtune=cortex-a53' '-mfpu=crypto-neon-fp-armv8' '-L/home/barry/Work/opt/Rpi2/usr/lib/arm-linux-gnueabihf' '-L/home/barry/Work/opt/Rpi2/usr/lib/arm-linux-gnueabihf' '-v' '-o' 'cmTC_a4977' '-L/lib/arm-linux-gnueabihf' '-L/usr/lib/arm-linux-gnueabihf' '-mfloat-abi=hard' '-mtls-dialect=gnu'
 /home/barry/x-tools/arm-rpi-linux-gnueabihf/libexec/gcc/arm-rpi-linux-gnueabihf/6.3.0/collect2 -plugin /home/barry/x-tools/arm-rpi-linux-gnueabihf/libexec/gcc/arm-rpi-linux-gnueabihf/6.3.0/liblto_plugin.so -plugin-opt=/home/barry/x-tools/arm-rpi-linux-gnueabihf/libexec/gcc/arm-rpi-linux-gnueabihf/6.3.0/lto-wrapper -plugin-opt=-fresolution=/tmp/ccMFTTar.res -plugin-opt=-pass-through=-lgcc -plugin-opt=-pass-through=-lgcc_s -plugin-opt=-pass-through=-lc -plugin-opt=-pass-through=-lgcc -plugin-opt=-pass-through=-lgcc_s --sysroot=/home/barry/Work/opt/Rpi2 --eh-frame-hdr -dynamic-linker /lib/ld-linux-armhf.so.3 -X -m armelf_linux_eabi -o cmTC_a4977 /home/barry/Work/opt/Rpi2/usr/lib/crt1.o /home/barry/Work/opt/Rpi2/usr/lib/crti.o /home/barry/x-tools/arm-rpi-linux-gnueabihf/lib/gcc/arm-rpi-linux-gnueabihf/6.3.0/crtbegin.o -L/home/barry/Work/opt/Rpi2/usr/lib/arm-linux-gnueabihf -L/home/barry/Work/opt/Rpi2/usr/lib/arm-linux-gnueabihf -L/lib/arm-linux-gnueabihf -L/usr/lib/arm-linux-gnueabihf -L/home/barry/x-tools/arm-rpi-linux-gnueabihf/lib/gcc/arm-rpi-linux-gnueabihf/6.3.0 -L/home/barry/x-tools/arm-rpi-linux-gnueabihf/lib/gcc/arm-rpi-linux-gnueabihf/6.3.0/../../../../arm-rpi-linux-gnueabihf/lib -L/home/barry/Work/opt/Rpi2/lib -L/home/barry/Work/opt/Rpi2/usr/lib -rpath-link=/home/barry/Work/opt/Rpi2/lib/arm-linux-gnueabihf -rpath-link=/home/barry/Work/opt/Rpi2/usr/lib/arm-linux-gnueabihf -lcrypt -rpath-link=/home/barry/Work/opt/Rpi2/lib/arm-linux-gnueabihf -rpath-link=/home/barry/Work/opt/Rpi2/usr/lib/arm-linux-gnueabihf -lcrypt CMakeFiles/cmTC_a4977.dir/CMakeCCompilerABI.c.o -lgcc --as-needed -lgcc_s --no-as-needed -lc -lgcc --as-needed -lgcc_s --no-as-needed /home/barry/x-tools/arm-rpi-linux-gnueabihf/lib/gcc/arm-rpi-linux-gnueabihf/6.3.0/crtend.o /home/barry/Work/opt/Rpi2/usr/lib/crtn.o
COLLECT_GCC_OPTIONS='-march=armv8-a' '-mtune=cortex-a53' '-mfpu=crypto-neon-fp-armv8' '-march=armv8-a' '-mtune=cortex-a53' '-mfpu=crypto-neon-fp-armv8' '-L/home/barry/Work/opt/Rpi2/usr/lib/arm-linux-gnueabihf' '-L/home/barry/Work/opt/Rpi2/usr/lib/arm-linux-gnueabihf' '-v' '-o' 'cmTC_a4977' '-L/lib/arm-linux-gnueabihf' '-L/usr/lib/arm-linux-gnueabihf' '-mfloat-abi=hard' '-mtls-dialect=gnu'
make[1]: Leaving directory '/home/barry/Work/Development/Projects/MRL/Open62541Cpp/buildrpi/CMakeFiles/CMakeTmp'


Parsed C implicit link information from above output:
  link line regex: [^( *|.*[/\])(arm-linux-gnueabihf-ld|CMAKE_LINK_STARTFILE-NOTFOUND|([^/\]+-)?ld|collect2)[^/\]*( |$)]
  ignore line: [Change Dir: /home/barry/Work/Development/Projects/MRL/Open62541Cpp/buildrpi/CMakeFiles/CMakeTmp]
  ignore line: []
  ignore line: [Run Build Command:"/usr/bin/make" "cmTC_a4977/fast"]
  ignore line: [/usr/bin/make -f CMakeFiles/cmTC_a4977.dir/build.make CMakeFiles/cmTC_a4977.dir/build]
  ignore line: [make[1]: Entering directory '/home/barry/Work/Development/Projects/MRL/Open62541Cpp/buildrpi/CMakeFiles/CMakeTmp']
  ignore line: [Building C object CMakeFiles/cmTC_a4977.dir/CMakeCCompilerABI.c.o]
  ignore line: [/home/barry/x-tools/arm-rpi-linux-gnueabihf/bin/arm-linux-gnueabihf-gcc --sysroot=/home/barry/Work/opt/Rpi2  -I/home/barry/Work/opt/Rpi2/usr/include/arm-linux-gnueabihf -I/home/barry/Work/opt/Rpi2/usr/local/include  -march=armv8-a -mtune=cortex-a53 -mfpu=crypto-neon-fp-armv8 -march=armv8-a -mtune=cortex-a53 -mfpu=crypto-neon-fp-armv8     -Wall -o CMakeFiles/cmTC_a4977.dir/CMakeCCompilerABI.c.o   -c /usr/local/share/cmake-3.11/Modules/CMakeCCompilerABI.c]
  ignore line: [Linking C executable cmTC_a4977]
  ignore line: [/usr/local/bin/cmake -E cmake_link_script CMakeFiles/cmTC_a4977.dir/link.txt --verbose=1]
  ignore line: [/home/barry/x-tools/arm-rpi-linux-gnueabihf/bin/arm-linux-gnueabihf-gcc --sysroot=/home/barry/Work/opt/Rpi2 -march=armv8-a -mtune=cortex-a53 -mfpu=crypto-neon-fp-armv8 -march=armv8-a -mtune=cortex-a53 -mfpu=crypto-neon-fp-armv8    -Wl,-rpath-link=/home/barry/Work/opt/Rpi2/lib/arm-linux-gnueabihf,-rpath-link=/home/barry/Work/opt/Rpi2/usr/lib/arm-linux-gnueabihf -L/home/barry/Work/opt/Rpi2/usr/lib/arm-linux-gnueabihf -lcrypt -Wl,-rpath-link=/home/barry/Work/opt/Rpi2/lib/arm-linux-gnueabihf,-rpath-link=/home/barry/Work/opt/Rpi2/usr/lib/arm-linux-gnueabihf -L/home/barry/Work/opt/Rpi2/usr/lib/arm-linux-gnueabihf -lcrypt  -v CMakeFiles/cmTC_a4977.dir/CMakeCCompilerABI.c.o  -o cmTC_a4977  -L/lib/arm-linux-gnueabihf  -L/usr/lib/arm-linux-gnueabihf ]
  ignore line: [Using built-in specs.]
  ignore line: [COLLECT_GCC=/home/barry/x-tools/arm-rpi-linux-gnueabihf/bin/arm-linux-gnueabihf-gcc]
  ignore line: [COLLECT_LTO_WRAPPER=/home/barry/x-tools/arm-rpi-linux-gnueabihf/libexec/gcc/arm-rpi-linux-gnueabihf/6.3.0/lto-wrapper]
  ignore line: [Target: arm-rpi-linux-gnueabihf]
  ignore line: [Configured with: /Development/Projects/MRL/crossPi/.build/src/gcc-6.3.0/configure --build=x86_64-build_pc-linux-gnu --host=x86_64-build_pc-linux-gnu --target=arm-rpi-linux-gnueabihf --prefix=/home/barry/x-tools/arm-rpi-linux-gnueabihf --with-sysroot=/home/barry/x-tools/arm-rpi-linux-gnueabihf/arm-rpi-linux-gnueabihf/sysroot --enable-languages=c,c++ --with-cpu=cortex-a53 --with-fpu=neon-vfpv4 --with-float=hard --with-pkgversion='crosstool-NG crosstool-ng-1.23.0' --enable-__cxa_atexit --disable-libmudflap --disable-libgomp --disable-libssp --disable-libquadmath --disable-libquadmath-support --disable-libsanitizer --disable-libmpx --with-gmp=/Development/Projects/MRL/crossPi/.build/arm-rpi-linux-gnueabihf/buildtools --with-mpfr=/Development/Projects/MRL/crossPi/.build/arm-rpi-linux-gnueabihf/buildtools --with-mpc=/Development/Projects/MRL/crossPi/.build/arm-rpi-linux-gnueabihf/buildtools --with-isl=/Development/Projects/MRL/crossPi/.build/arm-rpi-linux-gnueabihf/buildtools --enable-lto --with-host-libstdcxx='-static-libgcc -Wl,-Bstatic,-lstdc++,-Bdynamic -lm' --enable-threads=posix --enable-target-optspace --enable-plugin --enable-gold --disable-nls --disable-multilib --with-local-prefix=/home/barry/x-tools/arm-rpi-linux-gnueabihf/arm-rpi-linux-gnueabihf/sysroot --enable-long-long]
  ignore line: [Thread model: posix]
  ignore line: [gcc version 6.3.0 (crosstool-NG crosstool-ng-1.23.0) ]
  ignore line: [COMPILER_PATH=/home/barry/x-tools/arm-rpi-linux-gnueabihf/libexec/gcc/arm-rpi-linux-gnueabihf/6.3.0/:/home/barry/x-tools/arm-rpi-linux-gnueabihf/libexec/gcc/arm-rpi-linux-gnueabihf/6.3.0/:/home/barry/x-tools/arm-rpi-linux-gnueabihf/libexec/gcc/arm-rpi-linux-gnueabihf/:/home/barry/x-tools/arm-rpi-linux-gnueabihf/lib/gcc/arm-rpi-linux-gnueabihf/6.3.0/:/home/barry/x-tools/arm-rpi-linux-gnueabihf/lib/gcc/arm-rpi-linux-gnueabihf/:/home/barry/x-tools/arm-rpi-linux-gnueabihf/lib/gcc/arm-rpi-linux-gnueabihf/6.3.0/../../../../arm-rpi-linux-gnueabihf/bin/]
  ignore line: [LIBRARY_PATH=/home/barry/x-tools/arm-rpi-linux-gnueabihf/lib/gcc/arm-rpi-linux-gnueabihf/6.3.0/:/home/barry/x-tools/arm-rpi-linux-gnueabihf/lib/gcc/arm-rpi-linux-gnueabihf/6.3.0/../../../../arm-rpi-linux-gnueabihf/lib/:/home/barry/Work/opt/Rpi2/lib/:/home/barry/Work/opt/Rpi2/usr/lib/]
  ignore line: [COLLECT_GCC_OPTIONS='-march=armv8-a' '-mtune=cortex-a53' '-mfpu=crypto-neon-fp-armv8' '-march=armv8-a' '-mtune=cortex-a53' '-mfpu=crypto-neon-fp-armv8' '-L/home/barry/Work/opt/Rpi2/usr/lib/arm-linux-gnueabihf' '-L/home/barry/Work/opt/Rpi2/usr/lib/arm-linux-gnueabihf' '-v' '-o' 'cmTC_a4977' '-L/lib/arm-linux-gnueabihf' '-L/usr/lib/arm-linux-gnueabihf' '-mfloat-abi=hard' '-mtls-dialect=gnu']
  link line: [ /home/barry/x-tools/arm-rpi-linux-gnueabihf/libexec/gcc/arm-rpi-linux-gnueabihf/6.3.0/collect2 -plugin /home/barry/x-tools/arm-rpi-linux-gnueabihf/libexec/gcc/arm-rpi-linux-gnueabihf/6.3.0/liblto_plugin.so -plugin-opt=/home/barry/x-tools/arm-rpi-linux-gnueabihf/libexec/gcc/arm-rpi-linux-gnueabihf/6.3.0/lto-wrapper -plugin-opt=-fresolution=/tmp/ccMFTTar.res -plugin-opt=-pass-through=-lgcc -plugin-opt=-pass-through=-lgcc_s -plugin-opt=-pass-through=-lc -plugin-opt=-pass-through=-lgcc -plugin-opt=-pass-through=-lgcc_s --sysroot=/home/barry/Work/opt/Rpi2 --eh-frame-hdr -dynamic-linker /lib/ld-linux-armhf.so.3 -X -m armelf_linux_eabi -o cmTC_a4977 /home/barry/Work/opt/Rpi2/usr/lib/crt1.o /home/barry/Work/opt/Rpi2/usr/lib/crti.o /home/barry/x-tools/arm-rpi-linux-gnueabihf/lib/gcc/arm-rpi-linux-gnueabihf/6.3.0/crtbegin.o -L/home/barry/Work/opt/Rpi2/usr/lib/arm-linux-gnueabihf -L/home/barry/Work/opt/Rpi2/usr/lib/arm-linux-gnueabihf -L/lib/arm-linux-gnueabihf -L/usr/lib/arm-linux-gnueabihf -L/home/barry/x-tools/arm-rpi-linux-gnueabihf/lib/gcc/arm-rpi-linux-gnueabihf/6.3.0 -L/home/barry/x-tools/arm-rpi-linux-gnueabihf/lib/gcc/arm-rpi-linux-gnueabihf/6.3.0/../../../../arm-rpi-linux-gnueabihf/lib -L/home/barry/Work/opt/Rpi2/lib -L/home/barry/Work/opt/Rpi2/usr/lib -rpath-link=/home/barry/Work/opt/Rpi2/lib/arm-linux-gnueabihf -rpath-link=/home/barry/Work/opt/Rpi2/usr/lib/arm-linux-gnueabihf -lcrypt -rpath-link=/home/barry/Work/opt/Rpi2/lib/arm-linux-gnueabihf -rpath-link=/home/barry/Work/opt/Rpi2/usr/lib/arm-linux-gnueabihf -lcrypt CMakeFiles/cmTC_a4977.dir/CMakeCCompilerABI.c.o -lgcc --as-needed -lgcc_s --no-as-needed -lc -lgcc --as-needed -lgcc_s --no-as-needed /home/barry/x-tools/arm-rpi-linux-gnueabihf/lib/gcc/arm-rpi-linux-gnueabihf/6.3.0/crtend.o /home/barry/Work/opt/Rpi2/usr/lib/crtn.o]
    arg [/home/barry/x-tools/arm-rpi-linux-gnueabihf/libexec/gcc/arm-rpi-linux-gnueabihf/6.3.0/collect2] ==> ignore
    arg [-plugin] ==> ignore
    arg [/home/barry/x-tools/arm-rpi-linux-gnueabihf/libexec/gcc/arm-rpi-linux-gnueabihf/6.3.0/liblto_plugin.so] ==> ignore
    arg [-plugin-opt=/home/barry/x-tools/arm-rpi-linux-gnueabihf/libexec/gcc/arm-rpi-linux-gnueabihf/6.3.0/lto-wrapper] ==> ignore
    arg [-plugin-opt=-fresolution=/tmp/ccMFTTar.res] ==> ignore
    arg [-plugin-opt=-pass-through=-lgcc] ==> ignore
    arg [-plugin-opt=-pass-through=-lgcc_s] ==> ignore
    arg [-plugin-opt=-pass-through=-lc] ==> ignore
    arg [-plugin-opt=-pass-through=-lgcc] ==> ignore
    arg [-plugin-opt=-pass-through=-lgcc_s] ==> ignore
    arg [--sysroot=/home/barry/Work/opt/Rpi2] ==> ignore
    arg [--eh-frame-hdr] ==> ignore
    arg [-dynamic-linker] ==> ignore
    arg [/lib/ld-linux-armhf.so.3] ==> ignore
    arg [-X] ==> ignore
    arg [-m] ==> ignore
    arg [armelf_linux_eabi] ==> ignore
    arg [-o] ==> ignore
    arg [cmTC_a4977] ==> ignore
    arg [/home/barry/Work/opt/Rpi2/usr/lib/crt1.o] ==> ignore
    arg [/home/barry/Work/opt/Rpi2/usr/lib/crti.o] ==> ignore
    arg [/home/barry/x-tools/arm-rpi-linux-gnueabihf/lib/gcc/arm-rpi-linux-gnueabihf/6.3.0/crtbegin.o] ==> ignore
    arg [-L/home/barry/Work/opt/Rpi2/usr/lib/arm-linux-gnueabihf] ==> dir [/home/barry/Work/opt/Rpi2/usr/lib/arm-linux-gnueabihf]
    arg [-L/home/barry/Work/opt/Rpi2/usr/lib/arm-linux-gnueabihf] ==> dir [/home/barry/Work/opt/Rpi2/usr/lib/arm-linux-gnueabihf]
    arg [-L/lib/arm-linux-gnueabihf] ==> dir [/lib/arm-linux-gnueabihf]
    arg [-L/usr/lib/arm-linux-gnueabihf] ==> dir [/usr/lib/arm-linux-gnueabihf]
    arg [-L/home/barry/x-tools/arm-rpi-linux-gnueabihf/lib/gcc/arm-rpi-linux-gnueabihf/6.3.0] ==> dir [/home/barry/x-tools/arm-rpi-linux-gnueabihf/lib/gcc/arm-rpi-linux-gnueabihf/6.3.0]
    arg [-L/home/barry/x-tools/arm-rpi-linux-gnueabihf/lib/gcc/arm-rpi-linux-gnueabihf/6.3.0/../../../../arm-rpi-linux-gnueabihf/lib] ==> dir [/home/barry/x-tools/arm-rpi-linux-gnueabihf/lib/gcc/arm-rpi-linux-gnueabihf/6.3.0/../../../../arm-rpi-linux-gnueabihf/lib]
    arg [-L/home/barry/Work/opt/Rpi2/lib] ==> dir [/home/barry/Work/opt/Rpi2/lib]
    arg [-L/home/barry/Work/opt/Rpi2/usr/lib] ==> dir [/home/barry/Work/opt/Rpi2/usr/lib]
    arg [-rpath-link=/home/barry/Work/opt/Rpi2/lib/arm-linux-gnueabihf] ==> ignore
    arg [-rpath-link=/home/barry/Work/opt/Rpi2/usr/lib/arm-linux-gnueabihf] ==> ignore
    arg [-lcrypt] ==> lib [crypt]
    arg [-rpath-link=/home/barry/Work/opt/Rpi2/lib/arm-linux-gnueabihf] ==> ignore
    arg [-rpath-link=/home/barry/Work/opt/Rpi2/usr/lib/arm-linux-gnueabihf] ==> ignore
    arg [-lcrypt] ==> lib [crypt]
    arg [CMakeFiles/cmTC_a4977.dir/CMakeCCompilerABI.c.o] ==> ignore
    arg [-lgcc] ==> lib [gcc]
    arg [--as-needed] ==> ignore
    arg [-lgcc_s] ==> lib [gcc_s]
    arg [--no-as-needed] ==> ignore
    arg [-lc] ==> lib [c]
    arg [-lgcc] ==> lib [gcc]
    arg [--as-needed] ==> ignore
    arg [-lgcc_s] ==> lib [gcc_s]
    arg [--no-as-needed] ==> ignore
    arg [/home/barry/x-tools/arm-rpi-linux-gnueabihf/lib/gcc/arm-rpi-linux-gnueabihf/6.3.0/crtend.o] ==> ignore
    arg [/home/barry/Work/opt/Rpi2/usr/lib/crtn.o] ==> ignore
  collapse library dir [/home/barry/Work/opt/Rpi2/usr/lib/arm-linux-gnueabihf] ==> [/home/barry/Work/opt/Rpi2/usr/lib/arm-linux-gnueabihf]
  collapse library dir [/home/barry/Work/opt/Rpi2/usr/lib/arm-linux-gnueabihf] ==> [/home/barry/Work/opt/Rpi2/usr/lib/arm-linux-gnueabihf]
  collapse library dir [/lib/arm-linux-gnueabihf] ==> [/lib/arm-linux-gnueabihf]
  collapse library dir [/usr/lib/arm-linux-gnueabihf] ==> [/usr/lib/arm-linux-gnueabihf]
  collapse library dir [/home/barry/x-tools/arm-rpi-linux-gnueabihf/lib/gcc/arm-rpi-linux-gnueabihf/6.3.0] ==> [/home/barry/x-tools/arm-rpi-linux-gnueabihf/lib/gcc/arm-rpi-linux-gnueabihf/6.3.0]
  collapse library dir [/home/barry/x-tools/arm-rpi-linux-gnueabihf/lib/gcc/arm-rpi-linux-gnueabihf/6.3.0/../../../../arm-rpi-linux-gnueabihf/lib] ==> [/home/barry/x-tools/arm-rpi-linux-gnueabihf/arm-rpi-linux-gnueabihf/lib]
  collapse library dir [/home/barry/Work/opt/Rpi2/lib] ==> [/home/barry/Work/opt/Rpi2/lib]
  collapse library dir [/home/barry/Work/opt/Rpi2/usr/lib] ==> [/home/barry/Work/opt/Rpi2/usr/lib]
  implicit libs: [crypt;crypt;gcc;gcc_s;c;gcc;gcc_s]
  implicit dirs: [/home/barry/Work/opt/Rpi2/usr/lib/arm-linux-gnueabihf;/lib/arm-linux-gnueabihf;/usr/lib/arm-linux-gnueabihf;/home/barry/x-tools/arm-rpi-linux-gnueabihf/lib/gcc/arm-rpi-linux-gnueabihf/6.3.0;/home/barry/x-tools/arm-rpi-linux-gnueabihf/arm-rpi-linux-gnueabihf/lib;/home/barry/Work/opt/Rpi2/lib;/home/barry/Work/opt/Rpi2/usr/lib]
  implicit fwks: []




Detecting C [-std=c11] compiler features compiled with the following output:
Change Dir: /home/barry/Work/Development/Projects/MRL/Open62541Cpp/buildrpi/CMakeFiles/CMakeTmp

Run Build Command:"/usr/bin/make" "cmTC_825e6/fast"
/usr/bin/make -f CMakeFiles/cmTC_825e6.dir/build.make CMakeFiles/cmTC_825e6.dir/build
make[1]: Entering directory '/home/barry/Work/Development/Projects/MRL/Open62541Cpp/buildrpi/CMakeFiles/CMakeTmp'
Building C object CMakeFiles/cmTC_825e6.dir/feature_tests.c.o
/home/barry/x-tools/arm-rpi-linux-gnueabihf/bin/arm-linux-gnueabihf-gcc --sysroot=/home/barry/Work/opt/Rpi2  -I/home/barry/Work/opt/Rpi2/usr/include/arm-linux-gnueabihf -I/home/barry/Work/opt/Rpi2/usr/local/include  -march=armv8-a -mtune=cortex-a53 -mfpu=crypto-neon-fp-armv8 -march=armv8-a -mtune=cortex-a53 -mfpu=crypto-neon-fp-armv8     -Wall -std=c11 -o CMakeFiles/cmTC_825e6.dir/feature_tests.c.o   -c /home/barry/Work/Development/Projects/MRL/Open62541Cpp/buildrpi/CMakeFiles/feature_tests.c
Linking C executable cmTC_825e6
/usr/local/bin/cmake -E cmake_link_script CMakeFiles/cmTC_825e6.dir/link.txt --verbose=1
/home/barry/x-tools/arm-rpi-linux-gnueabihf/bin/arm-linux-gnueabihf-gcc --sysroot=/home/barry/Work/opt/Rpi2 -march=armv8-a -mtune=cortex-a53 -mfpu=crypto-neon-fp-armv8 -march=armv8-a -mtune=cortex-a53 -mfpu=crypto-neon-fp-armv8    -Wl,-rpath-link=/home/barry/Work/opt/Rpi2/lib/arm-linux-gnueabihf,-rpath-link=/home/barry/Work/opt/Rpi2/usr/lib/arm-linux-gnueabihf -L/home/barry/Work/opt/Rpi2/usr/lib/arm-linux-gnueabihf -lcrypt -Wl,-rpath-link=/home/barry/Work/opt/Rpi2/lib/arm-linux-gnueabihf,-rpath-link=/home/barry/Work/opt/Rpi2/usr/lib/arm-linux-gnueabihf -L/home/barry/Work/opt/Rpi2/usr/lib/arm-linux-gnueabihf -lcrypt   CMakeFiles/cmTC_825e6.dir/feature_tests.c.o  -o cmTC_825e6  -L/lib/arm-linux-gnueabihf  -L/usr/lib/arm-linux-gnueabihf 
make[1]: Leaving directory '/home/barry/Work/Development/Projects/MRL/Open62541Cpp/buildrpi/CMakeFiles/CMakeTmp'


    Feature record: C_FEATURE:1c_function_prototypes
    Feature record: C_FEATURE:1c_restrict
    Feature record: C_FEATURE:1c_static_assert
    Feature record: C_FEATURE:1c_variadic_macros


Detecting C [-std=c99] compiler features compiled with the following output:
Change Dir: /home/barry/Work/Development/Projects/MRL/Open62541Cpp/buildrpi/CMakeFiles/CMakeTmp

Run Build Command:"/usr/bin/make" "cmTC_08362/fast"
/usr/bin/make -f CMakeFiles/cmTC_08362.dir/build.make CMakeFiles/cmTC_08362.dir/build
make[1]: Entering directory '/home/barry/Work/Development/Projects/MRL/Open62541Cpp/buildrpi/CMakeFiles/CMakeTmp'
Building C object CMakeFiles/cmTC_08362.dir/feature_tests.c.o
/home/barry/x-tools/arm-rpi-linux-gnueabihf/bin/arm-linux-gnueabihf-gcc --sysroot=/home/barry/Work/opt/Rpi2  -I/home/barry/Work/opt/Rpi2/usr/include/arm-linux-gnueabihf -I/home/barry/Work/opt/Rpi2/usr/local/include  -march=armv8-a -mtune=cortex-a53 -mfpu=crypto-neon-fp-armv8 -march=armv8-a -mtune=cortex-a53 -mfpu=crypto-neon-fp-armv8     -Wall -std=c99 -o CMakeFiles/cmTC_08362.dir/feature_tests.c.o   -c /home/barry/Work/Development/Projects/MRL/Open62541Cpp/buildrpi/CMakeFiles/feature_tests.c
Linking C executable cmTC_08362
/usr/local/bin/cmake -E cmake_link_script CMakeFiles/cmTC_08362.dir/link.txt --verbose=1
/home/barry/x-tools/arm-rpi-linux-gnueabihf/bin/arm-linux-gnueabihf-gcc --sysroot=/home/barry/Work/opt/Rpi2 -march=armv8-a -mtune=cortex-a53 -mfpu=crypto-neon-fp-armv8 -march=armv8-a -mtune=cortex-a53 -mfpu=crypto-neon-fp-armv8    -Wl,-rpath-link=/home/barry/Work/opt/Rpi2/lib/arm-linux-gnueabihf,-rpath-link=/home/barry/Work/opt/Rpi2/usr/lib/arm-linux-gnueabihf -L/home/barry/Work/opt/Rpi2/usr/lib/arm-linux-gnueabihf -lcrypt -Wl,-rpath-link=/home/barry/Work/opt/Rpi2/lib/arm-linux-gnueabihf,-rpath-link=/home/barry/Work/opt/Rpi2/usr/lib/arm-linux-gnueabihf -L/home/barry/Work/opt/Rpi2/usr/lib/arm-linux-gnueabihf -lcrypt   CMakeFiles/cmTC_08362.dir/feature_tests.c.o  -o cmTC_08362  -L/lib/arm-linux-gnueabihf  -L/usr/lib/arm-linux-gnueabihf 
make[1]: Leaving directory '/home/barry/Work/Development/Projects/MRL/Open62541Cpp/buildrpi/CMakeFiles/CMakeTmp'


    Feature record: C_FEATURE:1c_function_prototypes
    Feature record: C_FEATURE:1c_restrict
    Feature record: C_FEATURE:0c_static_assert
    Feature record: C_FEATURE:1c_variadic_macros


Detecting C [-std=c90] compiler features compiled with the following output:
Change Dir: /home/barry/Work/Development/Projects/MRL/Open62541Cpp/buildrpi/CMakeFiles/CMakeTmp

Run Build Command:"/usr/bin/make" "cmTC_0bc32/fast"
/usr/bin/make -f CMakeFiles/cmTC_0bc32.dir/build.make CMakeFiles/cmTC_0bc32.dir/build
make[1]: Entering directory '/home/barry/Work/Development/Projects/MRL/Open62541Cpp/buildrpi/CMakeFiles/CMakeTmp'
Building C object CMakeFiles/cmTC_0bc32.dir/feature_tests.c.o
/home/barry/x-tools/arm-rpi-linux-gnueabihf/bin/arm-linux-gnueabihf-gcc --sysroot=/home/barry/Work/opt/Rpi2  -I/home/barry/Work/opt/Rpi2/usr/include/arm-linux-gnueabihf -I/home/barry/Work/opt/Rpi2/usr/local/include  -march=armv8-a -mtune=cortex-a53 -mfpu=crypto-neon-fp-armv8 -march=armv8-a -mtune=cortex-a53 -mfpu=crypto-neon-fp-armv8     -Wall -std=c90 -o CMakeFiles/cmTC_0bc32.dir/feature_tests.c.o   -c /home/barry/Work/Development/Projects/MRL/Open62541Cpp/buildrpi/CMakeFiles/feature_tests.c
Linking C executable cmTC_0bc32
/usr/local/bin/cmake -E cmake_link_script CMakeFiles/cmTC_0bc32.dir/link.txt --verbose=1
/home/barry/x-tools/arm-rpi-linux-gnueabihf/bin/arm-linux-gnueabihf-gcc --sysroot=/home/barry/Work/opt/Rpi2 -march=armv8-a -mtune=cortex-a53 -mfpu=crypto-neon-fp-armv8 -march=armv8-a -mtune=cortex-a53 -mfpu=crypto-neon-fp-armv8    -Wl,-rpath-link=/home/barry/Work/opt/Rpi2/lib/arm-linux-gnueabihf,-rpath-link=/home/barry/Work/opt/Rpi2/usr/lib/arm-linux-gnueabihf -L/home/barry/Work/opt/Rpi2/usr/lib/arm-linux-gnueabihf -lcrypt -Wl,-rpath-link=/home/barry/Work/opt/Rpi2/lib/arm-linux-gnueabihf,-rpath-link=/home/barry/Work/opt/Rpi2/usr/lib/arm-linux-gnueabihf -L/home/barry/Work/opt/Rpi2/usr/lib/arm-linux-gnueabihf -lcrypt   CMakeFiles/cmTC_0bc32.dir/feature_tests.c.o  -o cmTC_0bc32  -L/lib/arm-linux-gnueabihf  -L/usr/lib/arm-linux-gnueabihf 
make[1]: Leaving directory '/home/barry/Work/Development/Projects/MRL/Open62541Cpp/buildrpi/CMakeFiles/CMakeTmp'


    Feature record: C_FEATURE:1c_function_prototypes
    Feature record: C_FEATURE:0c_restrict
    Feature record: C_FEATURE:0c_static_assert
    Feature record: C_FEATURE:0c_variadic_macros
Determining if the CXX compiler works passed with the following output:
Change Dir: /home/barry/Work/Development/Projects/MRL/Open62541Cpp/buildrpi/CMakeFiles/CMakeTmp

Run Build Command:"/usr/bin/make" "cmTC_77b3f/fast"
/usr/bin/make -f CMakeFiles/cmTC_77b3f.dir/build.make CMakeFiles/cmTC_77b3f.dir/build
make[1]: Entering directory '/home/barry/Work/Development/Projects/MRL/Open62541Cpp/buildrpi/CMakeFiles/CMakeTmp'
Building CXX object CMakeFiles/cmTC_77b3f.dir/testCXXCompiler.cxx.o
/home/barry/x-tools/arm-rpi-linux-gnueabihf/bin/arm-linux-gnueabihf-g++ --sysroot=/home/barry/Work/opt/Rpi2   -I/home/barry/Work/opt/Rpi2/usr/include/arm-linux-gnueabihf -I/home/barry/Work/opt/Rpi2/usr/local/include  -march=armv8-a -mtune=cortex-a53 -mfpu=crypto-neon-fp-armv8 -march=armv8-a -mtune=cortex-a53 -mfpu=crypto-neon-fp-armv8     -Wall -std=c++14 -o CMakeFiles/cmTC_77b3f.dir/testCXXCompiler.cxx.o -c /home/barry/Work/Development/Projects/MRL/Open62541Cpp/buildrpi/CMakeFiles/CMakeTmp/testCXXCompiler.cxx
Linking CXX executable cmTC_77b3f
/usr/local/bin/cmake -E cmake_link_script CMakeFiles/cmTC_77b3f.dir/link.txt --verbose=1
/home/barry/x-tools/arm-rpi-linux-gnueabihf/bin/arm-linux-gnueabihf-g++ --sysroot=/home/barry/Work/opt/Rpi2  -march=armv8-a -mtune=cortex-a53 -mfpu=crypto-neon-fp-armv8 -march=armv8-a -mtune=cortex-a53 -mfpu=crypto-neon-fp-armv8    -Wl,-rpath-link=/home/barry/Work/opt/Rpi2/lib/arm-linux-gnueabihf,-rpath-link=/home/barry/Work/opt/Rpi2/usr/lib/arm-linux-gnueabihf -L/home/barry/Work/opt/Rpi2/usr/lib/arm-linux-gnueabihf -lcrypt -Wl,-rpath-link=/home/barry/Work/opt/Rpi2/lib/arm-linux-gnueabihf,-rpath-link=/home/barry/Work/opt/Rpi2/usr/lib/arm-linux-gnueabihf -L/home/barry/Work/opt/Rpi2/usr/lib/arm-linux-gnueabihf -lcrypt   CMakeFiles/cmTC_77b3f.dir/testCXXCompiler.cxx.o  -o cmTC_77b3f  -L/lib/arm-linux-gnueabihf  -L/usr/lib/arm-linux-gnueabihf 
make[1]: Leaving directory '/home/barry/Work/Development/Projects/MRL/Open62541Cpp/buildrpi/CMakeFiles/CMakeTmp'


Detecting CXX compiler ABI info compiled with the following output:
Change Dir: /home/barry/Work/Development/Projects/MRL/Open62541Cpp/buildrpi/CMakeFiles/CMakeTmp

Run Build Command:"/usr/bin/make" "cmTC_1716a/fast"
/usr/bin/make -f CMakeFiles/cmTC_1716a.dir/build.make CMakeFiles/cmTC_1716a.dir/build
make[1]: Entering directory '/home/barry/Work/Development/Projects/MRL/Open62541Cpp/buildrpi/CMakeFiles/CMakeTmp'
Building CXX object CMakeFiles/cmTC_1716a.dir/CMakeCXXCompilerABI.cpp.o
/home/barry/x-tools/arm-rpi-linux-gnueabihf/bin/arm-linux-gnueabihf-g++ --sysroot=/home/barry/Work/opt/Rpi2   -I/home/barry/Work/opt/Rpi2/usr/include/arm-linux-gnueabihf -I/home/barry/Work/opt/Rpi2/usr/local/include  -march=armv8-a -mtune=cortex-a53 -mfpu=crypto-neon-fp-armv8 -march=armv8-a -mtune=cortex-a53 -mfpu=crypto-neon-fp-armv8     -Wall -std=c++14 -o CMakeFiles/cmTC_1716a.dir/CMakeCXXCompilerABI.cpp.o -c /usr/local/share/cmake-3.11/Modules/CMakeCXXCompilerABI.cpp
Linking CXX executable cmTC_1716a
/usr/local/bin/cmake -E cmake_link_script CMakeFiles/cmTC_1716a.dir/link.txt --verbose=1
/home/barry/x-tools/arm-rpi-linux-gnueabihf/bin/arm-linux-gnueabihf-g++ --sysroot=/home/barry/Work/opt/Rpi2  -march=armv8-a -mtune=cortex-a53 -mfpu=crypto-neon-fp-armv8 -march=armv8-a -mtune=cortex-a53 -mfpu=crypto-neon-fp-armv8    -Wl,-rpath-link=/home/barry/Work/opt/Rpi2/lib/arm-linux-gnueabihf,-rpath-link=/home/barry/Work/opt/Rpi2/usr/lib/arm-linux-gnueabihf -L/home/barry/Work/opt/Rpi2/usr/lib/arm-linux-gnueabihf -lcrypt -Wl,-rpath-link=/home/barry/Work/opt/Rpi2/lib/arm-linux-gnueabihf,-rpath-link=/home/barry/Work/opt/Rpi2/usr/lib/arm-linux-gnueabihf -L/home/barry/Work/opt/Rpi2/usr/lib/arm-linux-gnueabihf -lcrypt  -v CMakeFiles/cmTC_1716a.dir/CMakeCXXCompilerABI.cpp.o  -o cmTC_1716a  -L/lib/arm-linux-gnueabihf  -L/usr/lib/arm-linux-gnueabihf 
Using built-in specs.
COLLECT_GCC=/home/barry/x-tools/arm-rpi-linux-gnueabihf/bin/arm-linux-gnueabihf-g++
COLLECT_LTO_WRAPPER=/home/barry/x-tools/arm-rpi-linux-gnueabihf/libexec/gcc/arm-rpi-linux-gnueabihf/6.3.0/lto-wrapper
Target: arm-rpi-linux-gnueabihf
Configured with: /Development/Projects/MRL/crossPi/.build/src/gcc-6.3.0/configure --build=x86_64-build_pc-linux-gnu --host=x86_64-build_pc-linux-gnu --target=arm-rpi-linux-gnueabihf --prefix=/home/barry/x-tools/arm-rpi-linux-gnueabihf --with-sysroot=/home/barry/x-tools/arm-rpi-linux-gnueabihf/arm-rpi-linux-gnueabihf/sysroot --enable-languages=c,c++ --with-cpu=cortex-a53 --with-fpu=neon-vfpv4 --with-float=hard --with-pkgversion='crosstool-NG crosstool-ng-1.23.0' --enable-__cxa_atexit --disable-libmudflap --disable-libgomp --disable-libssp --disable-libquadmath --disable-libquadmath-support --disable-libsanitizer --disable-libmpx --with-gmp=/Development/Projects/MRL/crossPi/.build/arm-rpi-linux-gnueabihf/buildtools --with-mpfr=/Development/Projects/MRL/crossPi/.build/arm-rpi-linux-gnueabihf/buildtools --with-mpc=/Development/Projects/MRL/crossPi/.build/arm-rpi-linux-gnueabihf/buildtools --with-isl=/Development/Projects/MRL/crossPi/.build/arm-rpi-linux-gnueabihf/buildtools --enable-lto --with-host-libstdcxx='-static-libgcc -Wl,-Bstatic,-lstdc++,-Bdynamic -lm' --enable-threads=posix --enable-target-optspace --enable-plugin --enable-gold --disable-nls --disable-multilib --with-local-prefix=/home/barry/x-tools/arm-rpi-linux-gnueabihf/arm-rpi-linux-gnueabihf/sysroot --enable-long-long
Thread model: posix
gcc version 6.3.0 (crosstool-NG crosstool-ng-1.23.0) 
COMPILER_PATH=/home/barry/x-tools/arm-rpi-linux-gnueabihf/libexec/gcc/arm-rpi-linux-gnueabihf/6.3.0/:/home/barry/x-tools/arm-rpi-linux-gnueabihf/libexec/gcc/arm-rpi-linux-gnueabihf/6.3.0/:/home/barry/x-tools/arm-rpi-linux-gnueabihf/libexec/gcc/arm-rpi-linux-gnueabihf/:/home/barry/x-tools/arm-rpi-linux-gnueabihf/lib/gcc/arm-rpi-linux-gnueabihf/6.3.0/:/home/barry/x-tools/arm-rpi-linux-gnueabihf/lib/gcc/arm-rpi-linux-gnueabihf/:/home/barry/x-tools/arm-rpi-linux-gnueabihf/lib/gcc/arm-rpi-linux-gnueabihf/6.3.0/../../../../arm-rpi-linux-gnueabihf/bin/
LIBRARY_PATH=/home/barry/x-tools/arm-rpi-linux-gnueabihf/lib/gcc/arm-rpi-linux-gnueabihf/6.3.0/:/home/barry/x-tools/arm-rpi-linux-gnueabihf/lib/gcc/arm-rpi-linux-gnueabihf/6.3.0/../../../../arm-rpi-linux-gnueabihf/lib/:/home/barry/Work/opt/Rpi2/lib/:/home/barry/Work/opt/Rpi2/usr/lib/
COLLECT_GCC_OPTIONS='-march=armv8-a' '-mtune=cortex-a53' '-mfpu=crypto-neon-fp-armv8' '-march=armv8-a' '-mtune=cortex-a53' '-mfpu=crypto-neon-fp-armv8' '-L/home/barry/Work/opt/Rpi2/usr/lib/arm-linux-gnueabihf' '-L/home/barry/Work/opt/Rpi2/usr/lib/arm-linux-gnueabihf' '-v' '-o' 'cmTC_1716a' '-L/lib/arm-linux-gnueabihf' '-L/usr/lib/arm-linux-gnueabihf' '-shared-libgcc' '-mfloat-abi=hard' '-mtls-dialect=gnu'
 /home/barry/x-tools/arm-rpi-linux-gnueabihf/libexec/gcc/arm-rpi-linux-gnueabihf/6.3.0/collect2 -plugin /home/barry/x-tools/arm-rpi-linux-gnueabihf/libexec/gcc/arm-rpi-linux-gnueabihf/6.3.0/liblto_plugin.so -plugin-opt=/home/barry/x-tools/arm-rpi-linux-gnueabihf/libexec/gcc/arm-rpi-linux-gnueabihf/6.3.0/lto-wrapper -plugin-opt=-fresolution=/tmp/ccLvKiGW.res -plugin-opt=-pass-through=-lgcc_s -plugin-opt=-pass-through=-lgcc -plugin-opt=-pass-through=-lc -plugin-opt=-pass-through=-lgcc_s -plugin-opt=-pass-through=-lgcc --sysroot=/home/barry/Work/opt/Rpi2 --eh-frame-hdr -dynamic-linker /lib/ld-linux-armhf.so.3 -X -m armelf_linux_eabi -o cmTC_1716a /home/barry/Work/opt/Rpi2/usr/lib/crt1.o /home/barry/Work/opt/Rpi2/usr/lib/crti.o /home/barry/x-tools/arm-rpi-linux-gnueabihf/lib/gcc/arm-rpi-linux-gnueabihf/6.3.0/crtbegin.o -L/home/barry/Work/opt/Rpi2/usr/lib/arm-linux-gnueabihf -L/home/barry/Work/opt/Rpi2/usr/lib/arm-linux-gnueabihf -L/lib/arm-linux-gnueabihf -L/usr/lib/arm-linux-gnueabihf -L/home/barry/x-tools/arm-rpi-linux-gnueabihf/lib/gcc/arm-rpi-linux-gnueabihf/6.3.0 -L/home/barry/x-tools/arm-rpi-linux-gnueabihf/lib/gcc/arm-rpi-linux-gnueabihf/6.3.0/../../../../arm-rpi-linux-gnueabihf/lib -L/home/barry/Work/opt/Rpi2/lib -L/home/barry/Work/opt/Rpi2/usr/lib -rpath-link=/home/barry/Work/opt/Rpi2/lib/arm-linux-gnueabihf -rpath-link=/home/barry/Work/opt/Rpi2/usr/lib/arm-linux-gnueabihf -lcrypt -rpath-link=/home/barry/Work/opt/Rpi2/lib/arm-linux-gnueabihf -rpath-link=/home/barry/Work/opt/Rpi2/usr/lib/arm-linux-gnueabihf -lcrypt CMakeFiles/cmTC_1716a.dir/CMakeCXXCompilerABI.cpp.o -lstdc++ -lm -lgcc_s -lgcc -lc -lgcc_s -lgcc /home/barry/x-tools/arm-rpi-linux-gnueabihf/lib/gcc/arm-rpi-linux-gnueabihf/6.3.0/crtend.o /home/barry/Work/opt/Rpi2/usr/lib/crtn.o
COLLECT_GCC_OPTIONS='-march=armv8-a' '-mtune=cortex-a53' '-mfpu=crypto-neon-fp-armv8' '-march=armv8-a' '-mtune=cortex-a53' '-mfpu=crypto-neon-fp-armv8' '-L/home/barry/Work/opt/Rpi2/usr/lib/arm-linux-gnueabihf' '-L/home/barry/Work/opt/Rpi2/usr/lib/arm-linux-gnueabihf' '-v' '-o' 'cmTC_1716a' '-L/lib/arm-linux-gnueabihf' '-L/usr/lib/arm-linux-gnueabihf' '-shared-libgcc' '-mfloat-abi=hard' '-mtls-dialect=gnu'
make[1]: Leaving directory '/home/barry/Work/Development/Projects/MRL/Open62541Cpp/buildrpi/CMakeFiles/CMakeTmp'


Parsed CXX implicit link information from above output:
  link line regex: [^( *|.*[/\])(arm-linux-gnueabihf-ld|CMAKE_LINK_STARTFILE-NOTFOUND|([^/\]+-)?ld|collect2)[^/\]*( |$)]
  ignore line: [Change Dir: /home/barry/Work/Development/Projects/MRL/Open62541Cpp/buildrpi/CMakeFiles/CMakeTmp]
  ignore line: []
  ignore line: [Run Build Command:"/usr/bin/make" "cmTC_1716a/fast"]
  ignore line: [/usr/bin/make -f CMakeFiles/cmTC_1716a.dir/build.make CMakeFiles/cmTC_1716a.dir/build]
  ignore line: [make[1]: Entering directory '/home/barry/Work/Development/Projects/MRL/Open62541Cpp/buildrpi/CMakeFiles/CMakeTmp']
  ignore line: [Building CXX object CMakeFiles/cmTC_1716a.dir/CMakeCXXCompilerABI.cpp.o]
  ignore line: [/home/barry/x-tools/arm-rpi-linux-gnueabihf/bin/arm-linux-gnueabihf-g++ --sysroot=/home/barry/Work/opt/Rpi2   -I/home/barry/Work/opt/Rpi2/usr/include/arm-linux-gnueabihf -I/home/barry/Work/opt/Rpi2/usr/local/include  -march=armv8-a -mtune=cortex-a53 -mfpu=crypto-neon-fp-armv8 -march=armv8-a -mtune=cortex-a53 -mfpu=crypto-neon-fp-armv8     -Wall -std=c++14 -o CMakeFiles/cmTC_1716a.dir/CMakeCXXCompilerABI.cpp.o -c /usr/local/share/cmake-3.11/Modules/CMakeCXXCompilerABI.cpp]
  ignore line: [Linking CXX executable cmTC_1716a]
  ignore line: [/usr/local/bin/cmake -E cmake_link_script CMakeFiles/cmTC_1716a.dir/link.txt --verbose=1]
  ignore line: [/home/barry/x-tools/arm-rpi-linux-gnueabihf/bin/arm-linux-gnueabihf-g++ --sysroot=/home/barry/Work/opt/Rpi2  -march=armv8-a -mtune=cortex-a53 -mfpu=crypto-neon-fp-armv8 -march=armv8-a -mtune=cortex-a53 -mfpu=crypto-neon-fp-armv8    -Wl,-rpath-link=/home/barry/Work/opt/Rpi2/lib/arm-linux-gnueabihf,-rpath-link=/home/barry/Work/opt/Rpi2/usr/lib/arm-linux-gnueabihf -L/home/barry/Work/opt/Rpi2/usr/lib/arm-linux-gnueabihf -lcrypt -Wl,-rpath-link=/home/barry/Work/opt/Rpi2/lib/arm-linux-gnueabihf,-rpath-link=/home/barry/Work/opt/Rpi2/usr/lib/arm-linux-gnueabihf -L/home/barry/Work/opt/Rpi2/usr/lib/arm-linux-gnueabihf -lcrypt  -v CMakeFiles/cmTC_1716a.dir/CMakeCXXCompilerABI.cpp.o  -o cmTC_1716a  -L/lib/arm-linux-gnueabihf  -L/usr/lib/arm-linux-gnueabihf ]
  ignore line: [Using built-in specs.]
  ignore line: [COLLECT_GCC=/home/barry/x-tools/arm-rpi-linux-gnueabihf/bin/arm-linux-gnueabihf-g++]
  ignore line: [COLLECT_LTO_WRAPPER=/home/barry/x-tools/arm-rpi-linux-gnueabihf/libexec/gcc/arm-rpi-linux-gnueabihf/6.3.0/lto-wrapper]
  ignore line: [Target: arm-rpi-linux-gnueabihf]
  ignore line: [Configured with: /Development/Projects/MRL/crossPi/.build/src/gcc-6.3.0/configure --build=x86_64-build_pc-linux-gnu --host=x86_64-build_pc-linux-gnu --target=arm-rpi-linux-gnueabihf --prefix=/home/barry/x-tools/arm-rpi-linux-gnueabihf --with-sysroot=/home/barry/x-tools/arm-rpi-linux-gnueabihf/arm-rpi-linux-gnueabihf/sysroot --enable-languages=c,c++ --with-cpu=cortex-a53 --with-fpu=neon-vfpv4 --with-float=hard --with-pkgversion='crosstool-NG crosstool-ng-1.23.0' --enable-__cxa_atexit --disable-libmudflap --disable-libgomp --disable-libssp --disable-libquadmath --disable-libquadmath-support --disable-libsanitizer --disable-libmpx --with-gmp=/Development/Projects/MRL/crossPi/.build/arm-rpi-linux-gnueabihf/buildtools --with-mpfr=/Development/Projects/MRL/crossPi/.build/arm-rpi-linux-gnueabihf/buildtools --with-mpc=/Development/Projects/MRL/crossPi/.build/arm-rpi-linux-gnueabihf/buildtools --with-isl=/Development/Projects/MRL/crossPi/.build/arm-rpi-linux-gnueabihf/buildtools --enable-lto --with-host-libstdcxx='-static-libgcc -Wl,-Bstatic,-lstdc++,-Bdynamic -lm' --enable-threads=posix --enable-target-optspace --enable-plugin --enable-gold --disable-nls --disable-multilib --with-local-prefix=/home/barry/x-tools/arm-rpi-linux-gnueabihf/arm-rpi-linux-gnueabihf/sysroot --enable-long-long]
  ignore line: [Thread model: posix]
  ignore line: [gcc version 6.3.0 (crosstool-NG crosstool-ng-1.23.0) ]
  ignore line: [COMPILER_PATH=/home/barry/x-tools/arm-rpi-linux-gnueabihf/libexec/gcc/arm-rpi-linux-gnueabihf/6.3.0/:/home/barry/x-tools/arm-rpi-linux-gnueabihf/libexec/gcc/arm-rpi-linux-gnueabihf/6.3.0/:/home/barry/x-tools/arm-rpi-linux-gnueabihf/libexec/gcc/arm-rpi-linux-gnueabihf/:/home/barry/x-tools/arm-rpi-linux-gnueabihf/lib/gcc/arm-rpi-linux-gnueabihf/6.3.0/:/home/barry/x-tools/arm-rpi-linux-gnueabihf/lib/gcc/arm-rpi-linux-gnueabihf/:/home/barry/x-tools/arm-rpi-linux-gnueabihf/lib/gcc/arm-rpi-linux-gnueabihf/6.3.0/../../../../arm-rpi-linux-gnueabihf/bin/]
  ignore line: [LIBRARY_PATH=/home/barry/x-tools/arm-rpi-linux-gnueabihf/lib/gcc/arm-rpi-linux-gnueabihf/6.3.0/:/home/barry/x-tools/arm-rpi-linux-gnueabihf/lib/gcc/arm-rpi-linux-gnueabihf/6.3.0/../../../../arm-rpi-linux-gnueabihf/lib/:/home/barry/Work/opt/Rpi2/lib/:/home/barry/Work/opt/Rpi2/usr/lib/]
  ignore line: [COLLECT_GCC_OPTIONS='-march=armv8-a' '-mtune=cortex-a53' '-mfpu=crypto-neon-fp-armv8' '-march=armv8-a' '-mtune=cortex-a53' '-mfpu=crypto-neon-fp-armv8' '-L/home/barry/Work/opt/Rpi2/usr/lib/arm-linux-gnueabihf' '-L/home/barry/Work/opt/Rpi2/usr/lib/arm-linux-gnueabihf' '-v' '-o' 'cmTC_1716a' '-L/lib/arm-linux-gnueabihf' '-L/usr/lib/arm-linux-gnueabihf' '-shared-libgcc' '-mfloat-abi=hard' '-mtls-dialect=gnu']
  link line: [ /home/barry/x-tools/arm-rpi-linux-gnueabihf/libexec/gcc/arm-rpi-linux-gnueabihf/6.3.0/collect2 -plugin /home/barry/x-tools/arm-rpi-linux-gnueabihf/libexec/gcc/arm-rpi-linux-gnueabihf/6.3.0/liblto_plugin.so -plugin-opt=/home/barry/x-tools/arm-rpi-linux-gnueabihf/libexec/gcc/arm-rpi-linux-gnueabihf/6.3.0/lto-wrapper -plugin-opt=-fresolution=/tmp/ccLvKiGW.res -plugin-opt=-pass-through=-lgcc_s -plugin-opt=-pass-through=-lgcc -plugin-opt=-pass-through=-lc -plugin-opt=-pass-through=-lgcc_s -plugin-opt=-pass-through=-lgcc --sysroot=/home/barry/Work/opt/Rpi2 --eh-frame-hdr -dynamic-linker /lib/ld-linux-armhf.so.3 -X -m armelf_linux_eabi -o cmTC_1716a /home/barry/Work/opt/Rpi2/usr/lib/crt1.o /home/barry/Work/opt/Rpi2/usr/lib/crti.o /home/barry/x-tools/arm-rpi-linux-gnueabihf/lib/gcc/arm-rpi-linux-gnueabihf/6.3.0/crtbegin.o -L/home/barry/Work/opt/Rpi2/usr/lib/arm-linux-gnueabihf -L/home/barry/Work/opt/Rpi2/usr/lib/arm-linux-gnueabihf -L/lib/arm-linux-gnueabihf -L/usr/lib/arm-linux-gnueabihf -L/home/barry/x-tools/arm-rpi-linux-gnueabihf/lib/gcc/arm-rpi-linux-gnueabihf/6.3.0 -L/home/barry/x-tools/arm-rpi-linux-gnueabihf/lib/gcc/arm-rpi-linux-gnueabihf/6.3.0/../../../../arm-rpi-linux-gnueabihf/lib -L/home/barry/Work/opt/Rpi2/lib -L/home/barry/Work/opt/Rpi2/usr/lib -rpath-link=/home/barry/Work/opt/Rpi2/lib/arm-linux-gnueabihf -rpath-link=/home/barry/Work/opt/Rpi2/usr/lib/arm-linux-gnueabihf -lcrypt -rpath-link=/home/barry/Work/opt/Rpi2/lib/arm-linux-gnueabihf -rpath-link=/home/barry/Work/opt/Rpi2/usr/lib/arm-linux-gnueabihf -lcrypt CMakeFiles/cmTC_1716a.dir/CMakeCXXCompilerABI.cpp.o -lstdc++ -lm -lgcc_s -lgcc -lc -lgcc_s -lgcc /home/barry/x-tools/arm-rpi-linux-gnueabihf/lib/gcc/arm-rpi-linux-gnueabihf/6.3.0/crtend.o /home/barry/Work/opt/Rpi2/usr/lib/crtn.o]
    arg [/home/barry/x-tools/arm-rpi-linux-gnueabihf/libexec/gcc/arm-rpi-linux-gnueabihf/6.3.0/collect2] ==> ignore
    arg [-plugin] ==> ignore
    arg [/home/barry/x-tools/arm-rpi-linux-gnueabihf/libexec/gcc/arm-rpi-linux-gnueabihf/6.3.0/liblto_plugin.so] ==> ignore
    arg [-plugin-opt=/home/barry/x-tools/arm-rpi-linux-gnueabihf/libexec/gcc/arm-rpi-linux-gnueabihf/6.3.0/lto-wrapper] ==> ignore
    arg [-plugin-opt=-fresolution=/tmp/ccLvKiGW.res] ==> ignore
    arg [-plugin-opt=-pass-through=-lgcc_s] ==> ignore
    arg [-plugin-opt=-pass-through=-lgcc] ==> ignore
    arg [-plugin-opt=-pass-through=-lc] ==> ignore
    arg [-plugin-opt=-pass-through=-lgcc_s] ==> ignore
    arg [-plugin-opt=-pass-through=-lgcc] ==> ignore
    arg [--sysroot=/home/barry/Work/opt/Rpi2] ==> ignore
    arg [--eh-frame-hdr] ==> ignore
    arg [-dynamic-linker] ==> ignore
    arg [/lib/ld-linux-armhf.so.3] ==> ignore
    arg [-X] ==> ignore
    arg [-m] ==> ignore
    arg [armelf_linux_eabi] ==> ignore
    arg [-o] ==> ignore
    arg [cmTC_1716a] ==> ignore
    arg [/home/barry/Work/opt/Rpi2/usr/lib/crt1.o] ==> ignore
    arg [/home/barry/Work/opt/Rpi2/usr/lib/crti.o] ==> ignore
    arg [/home/barry/x-tools/arm-rpi-linux-gnueabihf/lib/gcc/arm-rpi-linux-gnueabihf/6.3.0/crtbegin.o] ==> ignore
    arg [-L/home/barry/Work/opt/Rpi2/usr/lib/arm-linux-gnueabihf] ==> dir [/home/barry/Work/opt/Rpi2/usr/lib/arm-linux-gnueabihf]
    arg [-L/home/barry/Work/opt/Rpi2/usr/lib/arm-linux-gnueabihf] ==> dir [/home/barry/Work/opt/Rpi2/usr/lib/arm-linux-gnueabihf]
    arg [-L/lib/arm-linux-gnueabihf] ==> dir [/lib/arm-linux-gnueabihf]
    arg [-L/usr/lib/arm-linux-gnueabihf] ==> dir [/usr/lib/arm-linux-gnueabihf]
    arg [-L/home/barry/x-tools/arm-rpi-linux-gnueabihf/lib/gcc/arm-rpi-linux-gnueabihf/6.3.0] ==> dir [/home/barry/x-tools/arm-rpi-linux-gnueabihf/lib/gcc/arm-rpi-linux-gnueabihf/6.3.0]
    arg [-L/home/barry/x-tools/arm-rpi-linux-gnueabihf/lib/gcc/arm-rpi-linux-gnueabihf/6.3.0/../../../../arm-rpi-linux-gnueabihf/lib] ==> dir [/home/barry/x-tools/arm-rpi-linux-gnueabihf/lib/gcc/arm-rpi-linux-gnueabihf/6.3.0/../../../../arm-rpi-linux-gnueabihf/lib]
    arg [-L/home/barry/Work/opt/Rpi2/lib] ==> dir [/home/barry/Work/opt/Rpi2/lib]
    arg [-L/home/barry/Work/opt/Rpi2/usr/lib] ==> dir [/home/barry/Work/opt/Rpi2/usr/lib]
    arg [-rpath-link=/home/barry/Work/opt/Rpi2/lib/arm-linux-gnueabihf] ==> ignore
    arg [-rpath-link=/home/barry/Work/opt/Rpi2/usr/lib/arm-linux-gnueabihf] ==> ignore
    arg [-lcrypt] ==> lib [crypt]
    arg [-rpath-link=/home/barry/Work/opt/Rpi2/lib/arm-linux-gnueabihf] ==> ignore
    arg [-rpath-link=/home/barry/Work/opt/Rpi2/usr/lib/arm-linux-gnueabihf] ==> ignore
    arg [-lcrypt] ==> lib [crypt]
    arg [CMakeFiles/cmTC_1716a.dir/CMakeCXXCompilerABI.cpp.o] ==> ignore
    arg [-lstdc++] ==> lib [stdc++]
    arg [-lm] ==> lib [m]
    arg [-lgcc_s] ==> lib [gcc_s]
    arg [-lgcc] ==> lib [gcc]
    arg [-lc] ==> lib [c]
    arg [-lgcc_s] ==> lib [gcc_s]
    arg [-lgcc] ==> lib [gcc]
    arg [/home/barry/x-tools/arm-rpi-linux-gnueabihf/lib/gcc/arm-rpi-linux-gnueabihf/6.3.0/crtend.o] ==> ignore
    arg [/home/barry/Work/opt/Rpi2/usr/lib/crtn.o] ==> ignore
  collapse library dir [/home/barry/Work/opt/Rpi2/usr/lib/arm-linux-gnueabihf] ==> [/home/barry/Work/opt/Rpi2/usr/lib/arm-linux-gnueabihf]
  collapse library dir [/home/barry/Work/opt/Rpi2/usr/lib/arm-linux-gnueabihf] ==> [/home/barry/Work/opt/Rpi2/usr/lib/arm-linux-gnueabihf]
  collapse library dir [/lib/arm-linux-gnueabihf] ==> [/lib/arm-linux-gnueabihf]
  collapse library dir [/usr/lib/arm-linux-gnueabihf] ==> [/usr/lib/arm-linux-gnueabihf]
  collapse library dir [/home/barry/x-tools/arm-rpi-linux-gnueabihf/lib/gcc/arm-rpi-linux-gnueabihf/6.3.0] ==> [/home/barry/x-tools/arm-rpi-linux-gnueabihf/lib/gcc/arm-rpi-linux-gnueabihf/6.3.0]
  collapse library dir [/home/barry/x-tools/arm-rpi-linux-gnueabihf/lib/gcc/arm-rpi-linux-gnueabihf/6.3.0/../../../../arm-rpi-linux-gnueabihf/lib] ==> [/home/barry/x-tools/arm-rpi-linux-gnueabihf/arm-rpi-linux-gnueabihf/lib]
  collapse library dir [/home/barry/Work/opt/Rpi2/lib] ==> [/home/barry/Work/opt/Rpi2/lib]
  collapse library dir [/home/barry/Work/opt/Rpi2/usr/lib] ==> [/home/barry/Work/opt/Rpi2/usr/lib]
  implicit libs: [crypt;crypt;stdc++;m;gcc_s;gcc;c;gcc_s;gcc]
  implicit dirs: [/home/barry/Work/opt/Rpi2/usr/lib/arm-linux-gnueabihf;/lib/arm-linux-gnueabihf;/usr/lib/arm-linux-gnueabihf;/home/barry/x-tools/arm-rpi-linux-gnueabihf/lib/gcc/arm-rpi-linux-gnueabihf/6.3.0;/home/barry/x-tools/arm-rpi-linux-gnueabihf/arm-rpi-linux-gnueabihf/lib;/home/barry/Work/opt/Rpi2/lib;/home/barry/Work/opt/Rpi2/usr/lib]
  implicit fwks: []




Detecting CXX [-std=c++1z] compiler features compiled with the following output:
Change Dir: /home/barry/Work/Development/Projects/MRL/Open62541Cpp/buildrpi/CMakeFiles/CMakeTmp

Run Build Command:"/usr/bin/make" "cmTC_a9787/fast"
/usr/bin/make -f CMakeFiles/cmTC_a9787.dir/build.make CMakeFiles/cmTC_a9787.dir/build
make[1]: Entering directory '/home/barry/Work/Development/Projects/MRL/Open62541Cpp/buildrpi/CMakeFiles/CMakeTmp'
Building CXX object CMakeFiles/cmTC_a9787.dir/feature_tests.cxx.o
/home/barry/x-tools/arm-rpi-linux-gnueabihf/bin/arm-linux-gnueabihf-g++ --sysroot=/home/barry/Work/opt/Rpi2   -I/home/barry/Work/opt/Rpi2/usr/include/arm-linux-gnueabihf -I/home/barry/Work/opt/Rpi2/usr/local/include  -march=armv8-a -mtune=cortex-a53 -mfpu=crypto-neon-fp-armv8 -march=armv8-a -mtune=cortex-a53 -mfpu=crypto-neon-fp-armv8     -Wall -std=c++1z -std=c++14 -o CMakeFiles/cmTC_a9787.dir/feature_tests.cxx.o -c /home/barry/Work/Development/Projects/MRL/Open62541Cpp/buildrpi/CMakeFiles/feature_tests.cxx
Linking CXX executable cmTC_a9787
/usr/local/bin/cmake -E cmake_link_script CMakeFiles/cmTC_a9787.dir/link.txt --verbose=1
/home/barry/x-tools/arm-rpi-linux-gnueabihf/bin/arm-linux-gnueabihf-g++ --sysroot=/home/barry/Work/opt/Rpi2  -march=armv8-a -mtune=cortex-a53 -mfpu=crypto-neon-fp-armv8 -march=armv8-a -mtune=cortex-a53 -mfpu=crypto-neon-fp-armv8    -Wl,-rpath-link=/home/barry/Work/opt/Rpi2/lib/arm-linux-gnueabihf,-rpath-link=/home/barry/Work/opt/Rpi2/usr/lib/arm-linux-gnueabihf -L/home/barry/Work/opt/Rpi2/usr/lib/arm-linux-gnueabihf -lcrypt -Wl,-rpath-link=/home/barry/Work/opt/Rpi2/lib/arm-linux-gnueabihf,-rpath-link=/home/barry/Work/opt/Rpi2/usr/lib/arm-linux-gnueabihf -L/home/barry/Work/opt/Rpi2/usr/lib/arm-linux-gnueabihf -lcrypt   CMakeFiles/cmTC_a9787.dir/feature_tests.cxx.o  -o cmTC_a9787  -L/lib/arm-linux-gnueabihf  -L/usr/lib/arm-linux-gnueabihf 
make[1]: Leaving directory '/home/barry/Work/Development/Projects/MRL/Open62541Cpp/buildrpi/CMakeFiles/CMakeTmp'


    Feature record: CXX_FEATURE:1cxx_aggregate_default_initializers
    Feature record: CXX_FEATURE:1cxx_alias_templates
    Feature record: CXX_FEATURE:1cxx_alignas
    Feature record: CXX_FEATURE:1cxx_alignof
    Feature record: CXX_FEATURE:1cxx_attributes
    Feature record: CXX_FEATURE:1cxx_attribute_deprecated
    Feature record: CXX_FEATURE:1cxx_auto_type
    Feature record: CXX_FEATURE:1cxx_binary_literals
    Feature record: CXX_FEATURE:1cxx_constexpr
    Feature record: CXX_FEATURE:1cxx_contextual_conversions
    Feature record: CXX_FEATURE:1cxx_decltype
    Feature record: CXX_FEATURE:1cxx_decltype_auto
    Feature record: CXX_FEATURE:1cxx_decltype_incomplete_return_types
    Feature record: CXX_FEATURE:1cxx_default_function_template_args
    Feature record: CXX_FEATURE:1cxx_defaulted_functions
    Feature record: CXX_FEATURE:1cxx_defaulted_move_initializers
    Feature record: CXX_FEATURE:1cxx_delegating_constructors
    Feature record: CXX_FEATURE:1cxx_deleted_functions
    Feature record: CXX_FEATURE:1cxx_digit_separators
    Feature record: CXX_FEATURE:1cxx_enum_forward_declarations
    Feature record: CXX_FEATURE:1cxx_explicit_conversions
    Feature record: CXX_FEATURE:1cxx_extended_friend_declarations
    Feature record: CXX_FEATURE:1cxx_extern_templates
    Feature record: CXX_FEATURE:1cxx_final
    Feature record: CXX_FEATURE:1cxx_func_identifier
    Feature record: CXX_FEATURE:1cxx_generalized_initializers
    Feature record: CXX_FEATURE:1cxx_generic_lambdas
    Feature record: CXX_FEATURE:1cxx_inheriting_constructors
    Feature record: CXX_FEATURE:1cxx_inline_namespaces
    Feature record: CXX_FEATURE:1cxx_lambdas
    Feature record: CXX_FEATURE:1cxx_lambda_init_captures
    Feature record: CXX_FEATURE:1cxx_local_type_template_args
    Feature record: CXX_FEATURE:1cxx_long_long_type
    Feature record: CXX_FEATURE:1cxx_noexcept
    Feature record: CXX_FEATURE:1cxx_nonstatic_member_init
    Feature record: CXX_FEATURE:1cxx_nullptr
    Feature record: CXX_FEATURE:1cxx_override
    Feature record: CXX_FEATURE:1cxx_range_for
    Feature record: CXX_FEATURE:1cxx_raw_string_literals
    Feature record: CXX_FEATURE:1cxx_reference_qualified_functions
    Feature record: CXX_FEATURE:1cxx_relaxed_constexpr
    Feature record: CXX_FEATURE:1cxx_return_type_deduction
    Feature record: CXX_FEATURE:1cxx_right_angle_brackets
    Feature record: CXX_FEATURE:1cxx_rvalue_references
    Feature record: CXX_FEATURE:1cxx_sizeof_member
    Feature record: CXX_FEATURE:1cxx_static_assert
    Feature record: CXX_FEATURE:1cxx_strong_enums
    Feature record: CXX_FEATURE:1cxx_template_template_parameters
    Feature record: CXX_FEATURE:1cxx_thread_local
    Feature record: CXX_FEATURE:1cxx_trailing_return_types
    Feature record: CXX_FEATURE:1cxx_unicode_literals
    Feature record: CXX_FEATURE:1cxx_uniform_initialization
    Feature record: CXX_FEATURE:1cxx_unrestricted_unions
    Feature record: CXX_FEATURE:1cxx_user_literals
    Feature record: CXX_FEATURE:1cxx_variable_templates
    Feature record: CXX_FEATURE:1cxx_variadic_macros
    Feature record: CXX_FEATURE:1cxx_variadic_templates


Detecting CXX [-std=c++14] compiler features compiled with the following output:
Change Dir: /home/barry/Work/Development/Projects/MRL/Open62541Cpp/buildrpi/CMakeFiles/CMakeTmp

Run Build Command:"/usr/bin/make" "cmTC_9de27/fast"
/usr/bin/make -f CMakeFiles/cmTC_9de27.dir/build.make CMakeFiles/cmTC_9de27.dir/build
make[1]: Entering directory '/home/barry/Work/Development/Projects/MRL/Open62541Cpp/buildrpi/CMakeFiles/CMakeTmp'
Building CXX object CMakeFiles/cmTC_9de27.dir/feature_tests.cxx.o
/home/barry/x-tools/arm-rpi-linux-gnueabihf/bin/arm-linux-gnueabihf-g++ --sysroot=/home/barry/Work/opt/Rpi2   -I/home/barry/Work/opt/Rpi2/usr/include/arm-linux-gnueabihf -I/home/barry/Work/opt/Rpi2/usr/local/include  -march=armv8-a -mtune=cortex-a53 -mfpu=crypto-neon-fp-armv8 -march=armv8-a -mtune=cortex-a53 -mfpu=crypto-neon-fp-armv8     -Wall -std=c++14 -std=c++14 -o CMakeFiles/cmTC_9de27.dir/feature_tests.cxx.o -c /home/barry/Work/Development/Projects/MRL/Open62541Cpp/buildrpi/CMakeFiles/feature_tests.cxx
Linking CXX executable cmTC_9de27
/usr/local/bin/cmake -E cmake_link_script CMakeFiles/cmTC_9de27.dir/link.txt --verbose=1
/home/barry/x-tools/arm-rpi-linux-gnueabihf/bin/arm-linux-gnueabihf-g++ --sysroot=/home/barry/Work/opt/Rpi2  -march=armv8-a -mtune=cortex-a53 -mfpu=crypto-neon-fp-armv8 -march=armv8-a -mtune=cortex-a53 -mfpu=crypto-neon-fp-armv8    -Wl,-rpath-link=/home/barry/Work/opt/Rpi2/lib/arm-linux-gnueabihf,-rpath-link=/home/barry/Work/opt/Rpi2/usr/lib/arm-linux-gnueabihf -L/home/barry/Work/opt/Rpi2/usr/lib/arm-linux-gnueabihf -lcrypt -Wl,-rpath-link=/home/barry/Work/opt/Rpi2/lib/arm-linux-gnueabihf,-rpath-link=/home/barry/Work/opt/Rpi2/usr/lib/arm-linux-gnueabihf -L/home/barry/Work/opt/Rpi2/usr/lib/arm-linux-gnueabihf -lcrypt   CMakeFiles/cmTC_9de27.dir/feature_tests.cxx.o  -o cmTC_9de27  -L/lib/arm-linux-gnueabihf  -L/usr/lib/arm-linux-gnueabihf 
make[1]: Leaving directory '/home/barry/Work/Development/Projects/MRL/Open62541Cpp/buildrpi/CMakeFiles/CMakeTmp'


    Feature record: CXX_FEATURE:1cxx_aggregate_default_initializers
    Feature record: CXX_FEATURE:1cxx_alias_templates
    Feature record: CXX_FEATURE:1cxx_alignas
    Feature record: CXX_FEATURE:1cxx_alignof
    Feature record: CXX_FEATURE:1cxx_attributes
    Feature record: CXX_FEATURE:1cxx_attribute_deprecated
    Feature record: CXX_FEATURE:1cxx_auto_type
    Feature record: CXX_FEATURE:1cxx_binary_literals
    Feature record: CXX_FEATURE:1cxx_constexpr
    Feature record: CXX_FEATURE:1cxx_contextual_conversions
    Feature record: CXX_FEATURE:1cxx_decltype
    Feature record: CXX_FEATURE:1cxx_decltype_auto
    Feature record: CXX_FEATURE:1cxx_decltype_incomplete_return_types
    Feature record: CXX_FEATURE:1cxx_default_function_template_args
    Feature record: CXX_FEATURE:1cxx_defaulted_functions
    Feature record: CXX_FEATURE:1cxx_defaulted_move_initializers
    Feature record: CXX_FEATURE:1cxx_delegating_constructors
    Feature record: CXX_FEATURE:1cxx_deleted_functions
    Feature record: CXX_FEATURE:1cxx_digit_separators
    Feature record: CXX_FEATURE:1cxx_enum_forward_declarations
    Feature record: CXX_FEATURE:1cxx_explicit_conversions
    Feature record: CXX_FEATURE:1cxx_extended_friend_declarations
    Feature record: CXX_FEATURE:1cxx_extern_templates
    Feature record: CXX_FEATURE:1cxx_final
    Feature record: CXX_FEATURE:1cxx_func_identifier
    Feature record: CXX_FEATURE:1cxx_generalized_initializers
    Feature record: CXX_FEATURE:1cxx_generic_lambdas
    Feature record: CXX_FEATURE:1cxx_inheriting_constructors
    Feature record: CXX_FEATURE:1cxx_inline_namespaces
    Feature record: CXX_FEATURE:1cxx_lambdas
    Feature record: CXX_FEATURE:1cxx_lambda_init_captures
    Feature record: CXX_FEATURE:1cxx_local_type_template_args
    Feature record: CXX_FEATURE:1cxx_long_long_type
    Feature record: CXX_FEATURE:1cxx_noexcept
    Feature record: CXX_FEATURE:1cxx_nonstatic_member_init
    Feature record: CXX_FEATURE:1cxx_nullptr
    Feature record: CXX_FEATURE:1cxx_override
    Feature record: CXX_FEATURE:1cxx_range_for
    Feature record: CXX_FEATURE:1cxx_raw_string_literals
    Feature record: CXX_FEATURE:1cxx_reference_qualified_functions
    Feature record: CXX_FEATURE:1cxx_relaxed_constexpr
    Feature record: CXX_FEATURE:1cxx_return_type_deduction
    Feature record: CXX_FEATURE:1cxx_right_angle_brackets
    Feature record: CXX_FEATURE:1cxx_rvalue_references
    Feature record: CXX_FEATURE:1cxx_sizeof_member
    Feature record: CXX_FEATURE:1cxx_static_assert
    Feature record: CXX_FEATURE:1cxx_strong_enums
    Feature record: CXX_FEATURE:1cxx_template_template_parameters
    Feature record: CXX_FEATURE:1cxx_thread_local
    Feature record: CXX_FEATURE:1cxx_trailing_return_types
    Feature record: CXX_FEATURE:1cxx_unicode_literals
    Feature record: CXX_FEATURE:1cxx_uniform_initialization
    Feature record: CXX_FEATURE:1cxx_unrestricted_unions
    Feature record: CXX_FEATURE:1cxx_user_literals
    Feature record: CXX_FEATURE:1cxx_variable_templates
    Feature record: CXX_FEATURE:1cxx_variadic_macros
    Feature record: CXX_FEATURE:1cxx_variadic_templates


Detecting CXX [-std=c++11] compiler features compiled with the following output:
Change Dir: /home/barry/Work/Development/Projects/MRL/Open62541Cpp/buildrpi/CMakeFiles/CMakeTmp

Run Build Command:"/usr/bin/make" "cmTC_9bd77/fast"
/usr/bin/make -f CMakeFiles/cmTC_9bd77.dir/build.make CMakeFiles/cmTC_9bd77.dir/build
make[1]: Entering directory '/home/barry/Work/Development/Projects/MRL/Open62541Cpp/buildrpi/CMakeFiles/CMakeTmp'
Building CXX object CMakeFiles/cmTC_9bd77.dir/feature_tests.cxx.o
/home/barry/x-tools/arm-rpi-linux-gnueabihf/bin/arm-linux-gnueabihf-g++ --sysroot=/home/barry/Work/opt/Rpi2   -I/home/barry/Work/opt/Rpi2/usr/include/arm-linux-gnueabihf -I/home/barry/Work/opt/Rpi2/usr/local/include  -march=armv8-a -mtune=cortex-a53 -mfpu=crypto-neon-fp-armv8 -march=armv8-a -mtune=cortex-a53 -mfpu=crypto-neon-fp-armv8     -Wall -std=c++11 -std=c++14 -o CMakeFiles/cmTC_9bd77.dir/feature_tests.cxx.o -c /home/barry/Work/Development/Projects/MRL/Open62541Cpp/buildrpi/CMakeFiles/feature_tests.cxx
Linking CXX executable cmTC_9bd77
/usr/local/bin/cmake -E cmake_link_script CMakeFiles/cmTC_9bd77.dir/link.txt --verbose=1
/home/barry/x-tools/arm-rpi-linux-gnueabihf/bin/arm-linux-gnueabihf-g++ --sysroot=/home/barry/Work/opt/Rpi2  -march=armv8-a -mtune=cortex-a53 -mfpu=crypto-neon-fp-armv8 -march=armv8-a -mtune=cortex-a53 -mfpu=crypto-neon-fp-armv8    -Wl,-rpath-link=/home/barry/Work/opt/Rpi2/lib/arm-linux-gnueabihf,-rpath-link=/home/barry/Work/opt/Rpi2/usr/lib/arm-linux-gnueabihf -L/home/barry/Work/opt/Rpi2/usr/lib/arm-linux-gnueabihf -lcrypt -Wl,-rpath-link=/home/barry/Work/opt/Rpi2/lib/arm-linux-gnueabihf,-rpath-link=/home/barry/Work/opt/Rpi2/usr/lib/arm-linux-gnueabihf -L/home/barry/Work/opt/Rpi2/usr/lib/arm-linux-gnueabihf -lcrypt   CMakeFiles/cmTC_9bd77.dir/feature_tests.cxx.o  -o cmTC_9bd77  -L/lib/arm-linux-gnueabihf  -L/usr/lib/arm-linux-gnueabihf 
make[1]: Leaving directory '/home/barry/Work/Development/Projects/MRL/Open62541Cpp/buildrpi/CMakeFiles/CMakeTmp'


    Feature record: CXX_FEATURE:1cxx_aggregate_default_initializers
    Feature record: CXX_FEATURE:1cxx_alias_templates
    Feature record: CXX_FEATURE:1cxx_alignas
    Feature record: CXX_FEATURE:1cxx_alignof
    Feature record: CXX_FEATURE:1cxx_attributes
    Feature record: CXX_FEATURE:1cxx_attribute_deprecated
    Feature record: CXX_FEATURE:1cxx_auto_type
    Feature record: CXX_FEATURE:1cxx_binary_literals
    Feature record: CXX_FEATURE:1cxx_constexpr
    Feature record: CXX_FEATURE:1cxx_contextual_conversions
    Feature record: CXX_FEATURE:1cxx_decltype
    Feature record: CXX_FEATURE:1cxx_decltype_auto
    Feature record: CXX_FEATURE:1cxx_decltype_incomplete_return_types
    Feature record: CXX_FEATURE:1cxx_default_function_template_args
    Feature record: CXX_FEATURE:1cxx_defaulted_functions
    Feature record: CXX_FEATURE:1cxx_defaulted_move_initializers
    Feature record: CXX_FEATURE:1cxx_delegating_constructors
    Feature record: CXX_FEATURE:1cxx_deleted_functions
    Feature record: CXX_FEATURE:1cxx_digit_separators
    Feature record: CXX_FEATURE:1cxx_enum_forward_declarations
    Feature record: CXX_FEATURE:1cxx_explicit_conversions
    Feature record: CXX_FEATURE:1cxx_extended_friend_declarations
    Feature record: CXX_FEATURE:1cxx_extern_templates
    Feature record: CXX_FEATURE:1cxx_final
    Feature record: CXX_FEATURE:1cxx_func_identifier
    Feature record: CXX_FEATURE:1cxx_generalized_initializers
    Feature record: CXX_FEATURE:1cxx_generic_lambdas
    Feature record: CXX_FEATURE:1cxx_inheriting_constructors
    Feature record: CXX_FEATURE:1cxx_inline_namespaces
    Feature record: CXX_FEATURE:1cxx_lambdas
    Feature record: CXX_FEATURE:1cxx_lambda_init_captures
    Feature record: CXX_FEATURE:1cxx_local_type_template_args
    Feature record: CXX_FEATURE:1cxx_long_long_type
    Feature record: CXX_FEATURE:1cxx_noexcept
    Feature record: CXX_FEATURE:1cxx_nonstatic_member_init
    Feature record: CXX_FEATURE:1cxx_nullptr
    Feature record: CXX_FEATURE:1cxx_override
    Feature record: CXX_FEATURE:1cxx_range_for
    Feature record: CXX_FEATURE:1cxx_raw_string_literals
    Feature record: CXX_FEATURE:1cxx_reference_qualified_functions
    Feature record: CXX_FEATURE:1cxx_relaxed_constexpr
    Feature record: CXX_FEATURE:1cxx_return_type_deduction
    Feature record: CXX_FEATURE:1cxx_right_angle_brackets
    Feature record: CXX_FEATURE:1cxx_rvalue_references
    Feature record: CXX_FEATURE:1cxx_sizeof_member
    Feature record: CXX_FEATURE:1cxx_static_assert
    Feature record: CXX_FEATURE:1cxx_strong_enums
    Feature record: CXX_FEATURE:1cxx_template_template_parameters
    Feature record: CXX_FEATURE:1cxx_thread_local
    Feature record: CXX_FEATURE:1cxx_trailing_return_types
    Feature record: CXX_FEATURE:1cxx_unicode_literals
    Feature record: CXX_FEATURE:1cxx_uniform_initialization
    Feature record: CXX_FEATURE:1cxx_unrestricted_unions
    Feature record: CXX_FEATURE:1cxx_user_literals
    Feature record: CXX_FEATURE:1cxx_variable_templates
    Feature record: CXX_FEATURE:1cxx_variadic_macros
    Feature record: CXX_FEATURE:1cxx_variadic_templates


Detecting CXX [-std=c++98] compiler features compiled with the following output:
Change Dir: /home/barry/Work/Development/Projects/MRL/Open62541Cpp/buildrpi/CMakeFiles/CMakeTmp

Run Build Command:"/usr/bin/make" "cmTC_367b9/fast"
/usr/bin/make -f CMakeFiles/cmTC_367b9.dir/build.make CMakeFiles/cmTC_367b9.dir/build
make[1]: Entering directory '/home/barry/Work/Development/Projects/MRL/Open62541Cpp/buildrpi/CMakeFiles/CMakeTmp'
Building CXX object CMakeFiles/cmTC_367b9.dir/feature_tests.cxx.o
/home/barry/x-tools/arm-rpi-linux-gnueabihf/bin/arm-linux-gnueabihf-g++ --sysroot=/home/barry/Work/opt/Rpi2   -I/home/barry/Work/opt/Rpi2/usr/include/arm-linux-gnueabihf -I/home/barry/Work/opt/Rpi2/usr/local/include  -march=armv8-a -mtune=cortex-a53 -mfpu=crypto-neon-fp-armv8 -march=armv8-a -mtune=cortex-a53 -mfpu=crypto-neon-fp-armv8     -Wall -std=c++98 -std=c++14 -o CMakeFiles/cmTC_367b9.dir/feature_tests.cxx.o -c /home/barry/Work/Development/Projects/MRL/Open62541Cpp/buildrpi/CMakeFiles/feature_tests.cxx
Linking CXX executable cmTC_367b9
/usr/local/bin/cmake -E cmake_link_script CMakeFiles/cmTC_367b9.dir/link.txt --verbose=1
/home/barry/x-tools/arm-rpi-linux-gnueabihf/bin/arm-linux-gnueabihf-g++ --sysroot=/home/barry/Work/opt/Rpi2  -march=armv8-a -mtune=cortex-a53 -mfpu=crypto-neon-fp-armv8 -march=armv8-a -mtune=cortex-a53 -mfpu=crypto-neon-fp-armv8    -Wl,-rpath-link=/home/barry/Work/opt/Rpi2/lib/arm-linux-gnueabihf,-rpath-link=/home/barry/Work/opt/Rpi2/usr/lib/arm-linux-gnueabihf -L/home/barry/Work/opt/Rpi2/usr/lib/arm-linux-gnueabihf -lcrypt -Wl,-rpath-link=/home/barry/Work/opt/Rpi2/lib/arm-linux-gnueabihf,-rpath-link=/home/barry/Work/opt/Rpi2/usr/lib/arm-linux-gnueabihf -L/home/barry/Work/opt/Rpi2/usr/lib/arm-linux-gnueabihf -lcrypt   CMakeFiles/cmTC_367b9.dir/feature_tests.cxx.o  -o cmTC_367b9  -L/lib/arm-linux-gnueabihf  -L/usr/lib/arm-linux-gnueabihf 
make[1]: Leaving directory '/home/barry/Work/Development/Projects/MRL/Open62541Cpp/buildrpi/CMakeFiles/CMakeTmp'


    Feature record: CXX_FEATURE:1cxx_aggregate_default_initializers
    Feature record: CXX_FEATURE:1cxx_alias_templates
    Feature record: CXX_FEATURE:1cxx_alignas
    Feature record: CXX_FEATURE:1cxx_alignof
    Feature record: CXX_FEATURE:1cxx_attributes
    Feature record: CXX_FEATURE:1cxx_attribute_deprecated
    Feature record: CXX_FEATURE:1cxx_auto_type
    Feature record: CXX_FEATURE:1cxx_binary_literals
    Feature record: CXX_FEATURE:1cxx_constexpr
    Feature record: CXX_FEATURE:1cxx_contextual_conversions
    Feature record: CXX_FEATURE:1cxx_decltype
    Feature record: CXX_FEATURE:1cxx_decltype_auto
    Feature record: CXX_FEATURE:1cxx_decltype_incomplete_return_types
    Feature record: CXX_FEATURE:1cxx_default_function_template_args
    Feature record: CXX_FEATURE:1cxx_defaulted_functions
    Feature record: CXX_FEATURE:1cxx_defaulted_move_initializers
    Feature record: CXX_FEATURE:1cxx_delegating_constructors
    Feature record: CXX_FEATURE:1cxx_deleted_functions
    Feature record: CXX_FEATURE:1cxx_digit_separators
    Feature record: CXX_FEATURE:1cxx_enum_forward_declarations
    Feature record: CXX_FEATURE:1cxx_explicit_conversions
    Feature record: CXX_FEATURE:1cxx_extended_friend_declarations
    Feature record: CXX_FEATURE:1cxx_extern_templates
    Feature record: CXX_FEATURE:1cxx_final
    Feature record: CXX_FEATURE:1cxx_func_identifier
    Feature record: CXX_FEATURE:1cxx_generalized_initializers
    Feature record: CXX_FEATURE:1cxx_generic_lambdas
    Feature record: CXX_FEATURE:1cxx_inheriting_constructors
    Feature record: CXX_FEATURE:1cxx_inline_namespaces
    Feature record: CXX_FEATURE:1cxx_lambdas
    Feature record: CXX_FEATURE:1cxx_lambda_init_captures
    Feature record: CXX_FEATURE:1cxx_local_type_template_args
    Feature record: CXX_FEATURE:1cxx_long_long_type
    Feature record: CXX_FEATURE:1cxx_noexcept
    Feature record: CXX_FEATURE:1cxx_nonstatic_member_init
    Feature record: CXX_FEATURE:1cxx_nullptr
    Feature record: CXX_FEATURE:1cxx_override
    Feature record: CXX_FEATURE:1cxx_range_for
    Feature record: CXX_FEATURE:1cxx_raw_string_literals
    Feature record: CXX_FEATURE:1cxx_reference_qualified_functions
    Feature record: CXX_FEATURE:1cxx_relaxed_constexpr
    Feature record: CXX_FEATURE:1cxx_return_type_deduction
    Feature record: CXX_FEATURE:1cxx_right_angle_brackets
    Feature record: CXX_FEATURE:1cxx_rvalue_references
    Feature record: CXX_FEATURE:1cxx_sizeof_member
    Feature record: CXX_FEATURE:1cxx_static_assert
    Feature record: CXX_FEATURE:1cxx_strong_enums
    Feature record: CXX_FEATURE:1cxx_template_template_parameters
    Feature record: CXX_FEATURE:1cxx_thread_local
    Feature record: CXX_FEATURE:1cxx_trailing_return_types
    Feature record: CXX_FEATURE:1cxx_unicode_literals
    Feature record: CXX_FEATURE:1cxx_uniform_initialization
    Feature record: CXX_FEATURE:1cxx_unrestricted_unions
    Feature record: CXX_FEATURE:1cxx_user_literals
    Feature record: CXX_FEATURE:1cxx_variable_templates
    Feature record: CXX_FEATURE:1cxx_variadic_macros
    Feature record: CXX_FEATURE:1cxx_variadic_templates
Determining if the include file pthread.h exists passed with the following output:
Change Dir: /home/barry/Work/Development/Projects/MRL/Open62541Cpp/buildrpi/CMakeFiles/CMakeTmp

Run Build Command:"/usr/bin/make" "cmTC_b8d2f/fast"
/usr/bin/make -f CMakeFiles/cmTC_b8d2f.dir/build.make CMakeFiles/cmTC_b8d2f.dir/build
make[1]: Entering directory '/home/barry/Work/Development/Projects/MRL/Open62541Cpp/buildrpi/CMakeFiles/CMakeTmp'
Building C object CMakeFiles/cmTC_b8d2f.dir/CheckIncludeFile.c.o
/home/barry/x-tools/arm-rpi-linux-gnueabihf/bin/arm-linux-gnueabihf-gcc --sysroot=/home/barry/Work/opt/Rpi2  -I/home/barry/Work/opt/Rpi2/usr/include/arm-linux-gnueabihf -I/home/barry/Work/opt/Rpi2/usr/local/include  -march=armv8-a -mtune=cortex-a53 -mfpu=crypto-neon-fp-armv8 -march=armv8-a -mtune=cortex-a53 -mfpu=crypto-neon-fp-armv8     -Wall -o CMakeFiles/cmTC_b8d2f.dir/CheckIncludeFile.c.o   -c /home/barry/Work/Development/Projects/MRL/Open62541Cpp/buildrpi/CMakeFiles/CMakeTmp/CheckIncludeFile.c
Linking C executable cmTC_b8d2f
/usr/local/bin/cmake -E cmake_link_script CMakeFiles/cmTC_b8d2f.dir/link.txt --verbose=1
/home/barry/x-tools/arm-rpi-linux-gnueabihf/bin/arm-linux-gnueabihf-gcc --sysroot=/home/barry/Work/opt/Rpi2 -march=armv8-a -mtune=cortex-a53 -mfpu=crypto-neon-fp-armv8 -march=armv8-a -mtune=cortex-a53 -mfpu=crypto-neon-fp-armv8    -Wl,-rpath-link=/home/barry/Work/opt/Rpi2/lib/arm-linux-gnueabihf,-rpath-link=/home/barry/Work/opt/Rpi2/usr/lib/arm-linux-gnueabihf -L/home/barry/Work/opt/Rpi2/usr/lib/arm-linux-gnueabihf -lcrypt -Wl,-rpath-link=/home/barry/Work/opt/Rpi2/lib/arm-linux-gnueabihf,-rpath-link=/home/barry/Work/opt/Rpi2/usr/lib/arm-linux-gnueabihf -L/home/barry/Work/opt/Rpi2/usr/lib/arm-linux-gnueabihf -lcrypt   CMakeFiles/cmTC_b8d2f.dir/CheckIncludeFile.c.o  -o cmTC_b8d2f 
make[1]: Leaving directory '/home/barry/Work/Development/Projects/MRL/Open62541Cpp/buildrpi/CMakeFiles/CMakeTmp'


Determining if the function pthread_create exists in the pthread passed with the following output:
Change Dir: /home/barry/Work/Development/Projects/MRL/Open62541Cpp/buildrpi/CMakeFiles/CMakeTmp

Run Build Command:"/usr/bin/make" "cmTC_39020/fast"
/usr/bin/make -f CMakeFiles/cmTC_39020.dir/build.make CMakeFiles/cmTC_39020.dir/build
make[1]: Entering directory '/home/barry/Work/Development/Projects/MRL/Open62541Cpp/buildrpi/CMakeFiles/CMakeTmp'
Building C object CMakeFiles/cmTC_39020.dir/CheckFunctionExists.c.o
/home/barry/x-tools/arm-rpi-linux-gnueabihf/bin/arm-linux-gnueabihf-gcc --sysroot=/home/barry/Work/opt/Rpi2  -I/home/barry/Work/opt/Rpi2/usr/include/arm-linux-gnueabihf -I/home/barry/Work/opt/Rpi2/usr/local/include  -march=armv8-a -mtune=cortex-a53 -mfpu=crypto-neon-fp-armv8 -march=armv8-a -mtune=cortex-a53 -mfpu=crypto-neon-fp-armv8  -DCHECK_FUNCTION_EXISTS=pthread_create   -Wall -o CMakeFiles/cmTC_39020.dir/CheckFunctionExists.c.o   -c /usr/local/share/cmake-3.11/Modules/CheckFunctionExists.c
Linking C executable cmTC_39020
/usr/local/bin/cmake -E cmake_link_script CMakeFiles/cmTC_39020.dir/link.txt --verbose=1
/home/barry/x-tools/arm-rpi-linux-gnueabihf/bin/arm-linux-gnueabihf-gcc --sysroot=/home/barry/Work/opt/Rpi2 -march=armv8-a -mtune=cortex-a53 -mfpu=crypto-neon-fp-armv8 -march=armv8-a -mtune=cortex-a53 -mfpu=crypto-neon-fp-armv8  -DCHECK_FUNCTION_EXISTS=pthread_create  -Wl,-rpath-link=/home/barry/Work/opt/Rpi2/lib/arm-linux-gnueabihf,-rpath-link=/home/barry/Work/opt/Rpi2/usr/lib/arm-linux-gnueabihf -L/home/barry/Work/opt/Rpi2/usr/lib/arm-linux-gnueabihf -lcrypt -Wl,-rpath-link=/home/barry/Work/opt/Rpi2/lib/arm-linux-gnueabihf,-rpath-link=/home/barry/Work/opt/Rpi2/usr/lib/arm-linux-gnueabihf -L/home/barry/Work/opt/Rpi2/usr/lib/arm-linux-gnueabihf -lcrypt   CMakeFiles/cmTC_39020.dir/CheckFunctionExists.c.o  -o cmTC_39020 -lpthread 
make[1]: Leaving directory '/home/barry/Work/Development/Projects/MRL/Open62541Cpp/buildrpi/CMakeFiles/CMakeTmp'


