Determining if the pthread_create exist failed with the following output:
Change Dir: /home/barry/Work/Development/Projects/MRL/Open62541Cpp/buildrpi/CMakeFiles/CMakeTmp

Run Build Command:"/usr/bin/make" "cmTC_67d84/fast"
/usr/bin/make -f CMakeFiles/cmTC_67d84.dir/build.make CMakeFiles/cmTC_67d84.dir/build
make[1]: Entering directory '/home/barry/Work/Development/Projects/MRL/Open62541Cpp/buildrpi/CMakeFiles/CMakeTmp'
Building C object CMakeFiles/cmTC_67d84.dir/CheckSymbolExists.c.o
/home/barry/x-tools/arm-rpi-linux-gnueabihf/bin/arm-linux-gnueabihf-gcc --sysroot=/home/barry/Work/opt/Rpi2  -I/home/barry/Work/opt/Rpi2/usr/include/arm-linux-gnueabihf -I/home/barry/Work/opt/Rpi2/usr/local/include  -march=armv8-a -mtune=cortex-a53 -mfpu=crypto-neon-fp-armv8 -march=armv8-a -mtune=cortex-a53 -mfpu=crypto-neon-fp-armv8     -Wall -o CMakeFiles/cmTC_67d84.dir/CheckSymbolExists.c.o   -c /home/barry/Work/Development/Projects/MRL/Open62541Cpp/buildrpi/CMakeFiles/CMakeTmp/CheckSymbolExists.c
Linking C executable cmTC_67d84
/usr/local/bin/cmake -E cmake_link_script CMakeFiles/cmTC_67d84.dir/link.txt --verbose=1
/home/barry/x-tools/arm-rpi-linux-gnueabihf/bin/arm-linux-gnueabihf-gcc --sysroot=/home/barry/Work/opt/Rpi2 -march=armv8-a -mtune=cortex-a53 -mfpu=crypto-neon-fp-armv8 -march=armv8-a -mtune=cortex-a53 -mfpu=crypto-neon-fp-armv8    -Wl,-rpath-link=/home/barry/Work/opt/Rpi2/lib/arm-linux-gnueabihf,-rpath-link=/home/barry/Work/opt/Rpi2/usr/lib/arm-linux-gnueabihf -L/home/barry/Work/opt/Rpi2/usr/lib/arm-linux-gnueabihf -lcrypt -Wl,-rpath-link=/home/barry/Work/opt/Rpi2/lib/arm-linux-gnueabihf,-rpath-link=/home/barry/Work/opt/Rpi2/usr/lib/arm-linux-gnueabihf -L/home/barry/Work/opt/Rpi2/usr/lib/arm-linux-gnueabihf -lcrypt   CMakeFiles/cmTC_67d84.dir/CheckSymbolExists.c.o  -o cmTC_67d84 
CMakeFiles/cmTC_67d84.dir/CheckSymbolExists.c.o: In function `main':
CheckSymbolExists.c:(.text+0x1c): undefined reference to `pthread_create'
CheckSymbolExists.c:(.text+0x20): undefined reference to `pthread_create'
collect2: error: ld returned 1 exit status
CMakeFiles/cmTC_67d84.dir/build.make:86: recipe for target 'cmTC_67d84' failed
make[1]: *** [cmTC_67d84] Error 1
make[1]: Leaving directory '/home/barry/Work/Development/Projects/MRL/Open62541Cpp/buildrpi/CMakeFiles/CMakeTmp'
Makefile:126: recipe for target 'cmTC_67d84/fast' failed
make: *** [cmTC_67d84/fast] Error 2

File /home/barry/Work/Development/Projects/MRL/Open62541Cpp/buildrpi/CMakeFiles/CMakeTmp/CheckSymbolExists.c:
/* */
#include <pthread.h>

int main(int argc, char** argv)
{
  (void)argv;
#ifndef pthread_create
  return ((int*)(&pthread_create))[argc];
#else
  (void)argc;
  return 0;
#endif
}

Determining if the function pthread_create exists in the pthreads failed with the following output:
Change Dir: /home/barry/Work/Development/Projects/MRL/Open62541Cpp/buildrpi/CMakeFiles/CMakeTmp

Run Build Command:"/usr/bin/make" "cmTC_cd819/fast"
/usr/bin/make -f CMakeFiles/cmTC_cd819.dir/build.make CMakeFiles/cmTC_cd819.dir/build
make[1]: Entering directory '/home/barry/Work/Development/Projects/MRL/Open62541Cpp/buildrpi/CMakeFiles/CMakeTmp'
Building C object CMakeFiles/cmTC_cd819.dir/CheckFunctionExists.c.o
/home/barry/x-tools/arm-rpi-linux-gnueabihf/bin/arm-linux-gnueabihf-gcc --sysroot=/home/barry/Work/opt/Rpi2  -I/home/barry/Work/opt/Rpi2/usr/include/arm-linux-gnueabihf -I/home/barry/Work/opt/Rpi2/usr/local/include  -march=armv8-a -mtune=cortex-a53 -mfpu=crypto-neon-fp-armv8 -march=armv8-a -mtune=cortex-a53 -mfpu=crypto-neon-fp-armv8  -DCHECK_FUNCTION_EXISTS=pthread_create   -Wall -o CMakeFiles/cmTC_cd819.dir/CheckFunctionExists.c.o   -c /usr/local/share/cmake-3.11/Modules/CheckFunctionExists.c
Linking C executable cmTC_cd819
/usr/local/bin/cmake -E cmake_link_script CMakeFiles/cmTC_cd819.dir/link.txt --verbose=1
/home/barry/x-tools/arm-rpi-linux-gnueabihf/bin/arm-linux-gnueabihf-gcc --sysroot=/home/barry/Work/opt/Rpi2 -march=armv8-a -mtune=cortex-a53 -mfpu=crypto-neon-fp-armv8 -march=armv8-a -mtune=cortex-a53 -mfpu=crypto-neon-fp-armv8  -DCHECK_FUNCTION_EXISTS=pthread_create  -Wl,-rpath-link=/home/barry/Work/opt/Rpi2/lib/arm-linux-gnueabihf,-rpath-link=/home/barry/Work/opt/Rpi2/usr/lib/arm-linux-gnueabihf -L/home/barry/Work/opt/Rpi2/usr/lib/arm-linux-gnueabihf -lcrypt -Wl,-rpath-link=/home/barry/Work/opt/Rpi2/lib/arm-linux-gnueabihf,-rpath-link=/home/barry/Work/opt/Rpi2/usr/lib/arm-linux-gnueabihf -L/home/barry/Work/opt/Rpi2/usr/lib/arm-linux-gnueabihf -lcrypt   CMakeFiles/cmTC_cd819.dir/CheckFunctionExists.c.o  -o cmTC_cd819 -lpthreads 
/home/barry/x-tools/arm-rpi-linux-gnueabihf/lib/gcc/arm-rpi-linux-gnueabihf/6.3.0/../../../../arm-rpi-linux-gnueabihf/bin/ld.bfd: cannot find -lpthreads
collect2: error: ld returned 1 exit status
CMakeFiles/cmTC_cd819.dir/build.make:86: recipe for target 'cmTC_cd819' failed
make[1]: *** [cmTC_cd819] Error 1
make[1]: Leaving directory '/home/barry/Work/Development/Projects/MRL/Open62541Cpp/buildrpi/CMakeFiles/CMakeTmp'
Makefile:126: recipe for target 'cmTC_cd819/fast' failed
make: *** [cmTC_cd819/fast] Error 2


