Determining if the pthread_create exist failed with the following output:
Change Dir: /home/barry/Work/Development/Projects/MRL/Open62541Cpp/examples/build/CMakeFiles/CMakeTmp

Run Build Command:"/usr/bin/make" "cmTC_c28b1/fast"
/usr/bin/make -f CMakeFiles/cmTC_c28b1.dir/build.make CMakeFiles/cmTC_c28b1.dir/build
make[1]: Entering directory '/home/barry/Work/Development/Projects/MRL/Open62541Cpp/examples/build/CMakeFiles/CMakeTmp'
Building C object CMakeFiles/cmTC_c28b1.dir/CheckSymbolExists.c.o
/usr/bin/cc    -o CMakeFiles/cmTC_c28b1.dir/CheckSymbolExists.c.o   -c /home/barry/Work/Development/Projects/MRL/Open62541Cpp/examples/build/CMakeFiles/CMakeTmp/CheckSymbolExists.c
Linking C executable cmTC_c28b1
/usr/local/bin/cmake -E cmake_link_script CMakeFiles/cmTC_c28b1.dir/link.txt --verbose=1
/usr/bin/cc      CMakeFiles/cmTC_c28b1.dir/CheckSymbolExists.c.o  -o cmTC_c28b1 
CMakeFiles/cmTC_c28b1.dir/CheckSymbolExists.c.o: In function `main':
CheckSymbolExists.c:(.text+0x1b): undefined reference to `pthread_create'
collect2: error: ld returned 1 exit status
CMakeFiles/cmTC_c28b1.dir/build.make:86: recipe for target 'cmTC_c28b1' failed
make[1]: *** [cmTC_c28b1] Error 1
make[1]: Leaving directory '/home/barry/Work/Development/Projects/MRL/Open62541Cpp/examples/build/CMakeFiles/CMakeTmp'
Makefile:126: recipe for target 'cmTC_c28b1/fast' failed
make: *** [cmTC_c28b1/fast] Error 2

File /home/barry/Work/Development/Projects/MRL/Open62541Cpp/examples/build/CMakeFiles/CMakeTmp/CheckSymbolExists.c:
/* */
#include <pthread.h>

int main(int argc, char** argv)
{
  (void)argv;
#ifndef pthread_create
  return ((int*)(&pthread_create))[argc];
#else
  (void)argc;
  return 0;
#endif
}

Determining if the function pthread_create exists in the pthreads failed with the following output:
Change Dir: /home/barry/Work/Development/Projects/MRL/Open62541Cpp/examples/build/CMakeFiles/CMakeTmp

Run Build Command:"/usr/bin/make" "cmTC_1f3d7/fast"
/usr/bin/make -f CMakeFiles/cmTC_1f3d7.dir/build.make CMakeFiles/cmTC_1f3d7.dir/build
make[1]: Entering directory '/home/barry/Work/Development/Projects/MRL/Open62541Cpp/examples/build/CMakeFiles/CMakeTmp'
Building C object CMakeFiles/cmTC_1f3d7.dir/CheckFunctionExists.c.o
/usr/bin/cc   -DCHECK_FUNCTION_EXISTS=pthread_create   -o CMakeFiles/cmTC_1f3d7.dir/CheckFunctionExists.c.o   -c /usr/local/share/cmake-3.11/Modules/CheckFunctionExists.c
Linking C executable cmTC_1f3d7
/usr/local/bin/cmake -E cmake_link_script CMakeFiles/cmTC_1f3d7.dir/link.txt --verbose=1
/usr/bin/cc  -DCHECK_FUNCTION_EXISTS=pthread_create    CMakeFiles/cmTC_1f3d7.dir/CheckFunctionExists.c.o  -o cmTC_1f3d7 -lpthreads 
/usr/bin/ld: cannot find -lpthreads
collect2: error: ld returned 1 exit status
CMakeFiles/cmTC_1f3d7.dir/build.make:86: recipe for target 'cmTC_1f3d7' failed
make[1]: *** [cmTC_1f3d7] Error 1
make[1]: Leaving directory '/home/barry/Work/Development/Projects/MRL/Open62541Cpp/examples/build/CMakeFiles/CMakeTmp'
Makefile:126: recipe for target 'cmTC_1f3d7/fast' failed
make: *** [cmTC_1f3d7/fast] Error 2


